#
# A fatal error has been detected by the Java Runtime Environment:
#
#  SIGSEGV (0xb) at pc=0x00000001047692ce, pid=16700, tid=775
#
# JRE version: Java(TM) SE Runtime Environment (8.0_60-b27) (build 1.8.0_60-b27)
# Java VM: Java HotSpot(TM) 64-Bit Server VM (25.60-b23 mixed mode bsd-amd64 compressed oops)
# Problematic frame:
# V  [libjvm.dylib+0x1692ce]
#
# Failed to write core dump. Core dumps have been disabled. To enable core dumping, try "ulimit -c unlimited" before starting Java again
#
# If you would like to submit a bug report, please visit:
#   http://bugreport.java.com/bugreport/crash.jsp
#

---------------  T H R E A D  ---------------

Current thread is native thread

siginfo: si_signo: 11 (SIGSEGV), si_code: 1 (SEGV_MAPERR), si_addr: 0x0000000000000270

Registers:
RAX=0x0000000000000000, RBX=0x0000000000000000, RCX=0x000000010491121b, RDX=0x00007fd15b9e69f8
RSP=0x00007ffeebe59f50, RBP=0x00007ffeebe59f60, RSI=0x0000000000000006, RDI=0x00007ffeebe59fa0
R8 =0x0000000000000300, R9 =0x0000000000000000, R10=0x00007fff9e498e88, R11=0x00007fd15d94b3b0
R12=0x00007fd15b9e69f8, R13=0x00007fd15c300650, R14=0x00007fd15b9e69f8, R15=0x0000000000000000
RIP=0x00000001047692ce, EFLAGS=0x0000000000010246, ERR=0x0000000000000006
  TRAPNO=0x000000000000000e

Top of Stack: (sp=0x00007ffeebe59f50)
0x00007ffeebe59f50:   00007fd15c403620 00007fd15b9e69f8
0x00007ffeebe59f60:   00007ffeebe59fc0 000000010491124b
0x00007ffeebe59f70:   00007fd159cdb9b0 00007fd159e9ee50
0x00007ffeebe59f80:   00007fd15a53b000 00007fd159e9ee50
0x00007ffeebe59f90:   00007ffeebe59fc0 000000011faff6e9
0x00007ffeebe59fa0:   0000000000000000 00007fd159cdb9b0
0x00007ffeebe59fb0:   00007fd15a53b000 00007fd159e9ee50
0x00007ffeebe59fc0:   00007ffeebe5a020 000000011fa5febb
0x00007ffeebe59fd0:   00007fd15a53b000 0000000000000000
0x00007ffeebe59fe0:   410434b2df51bfef 00007fd15c118a60
0x00007ffeebe59ff0:   00007ffeebe5a020 00007fd159e9ee50
0x00007ffeebe5a000:   00007fd159e9ee50 00007fd15c300650
0x00007ffeebe5a010:   00007fff71f84a00 00007fd15c118a60
0x00007ffeebe5a020:   00007ffeebe5a0d0 00007fff50ff96f8
0x00007ffeebe5a030:   0000000000000000 0000000000000000
0x00007ffeebe5a040:   00007fd159e9ee50 0000000000000000
0x00007ffeebe5a050:   000000045b9fb800 0000000000000000
0x00007ffeebe5a060:   410434b2df51bfef 0000000000000000
0x00007ffeebe5a070:   00007fd159e9ee50 0000000000000000
0x00007ffeebe5a080:   00007fd159e9ee50 00007ffeebe5a0a8
0x00007ffeebe5a090:   00007ffeebe5a0d0 00007fff50ff8f0e
0x00007ffeebe5a0a0:   afab6a7cafa70087 00007fff71f84a00
0x00007ffeebe5a0b0:   0000000000000004 0000000000000000
0x00007ffeebe5a0c0:   00007fd159e9ee50 00007fff4410ea7d
0x00007ffeebe5a0d0:   00007ffeebe5a150 00007fff50ff8cd4
0x00007ffeebe5a0e0:   0000000000000000 407b000000000000
0x00007ffeebe5a0f0:   4078000000000000 4000000000000000
0x00007ffeebe5a100:   0000000000000000 0000000000000000
0x00007ffeebe5a110:   4078000000000000 407b000000000000
0x00007ffeebe5a120:   afab6a7cafa70087 00007ffeebe5a220
0x00007ffeebe5a130:   00007fd15c601a90 00007fff71f84a00
0x00007ffeebe5a140:   00007fd15b9fb800 00007fff44110bba 

Instructions: (pc=0x00000001047692ce)
0x00000001047692ae:   0e 48 8b 0b 49 8b 56 18 48 63 c0 48 89 0c c2 5b
0x00000001047692be:   41 5e 5d c3 90 90 55 48 89 e5 41 56 53 48 8b 1f
0x00000001047692ce:   c7 83 70 02 00 00 05 00 00 00 48 8d 05 d9 50 77
0x00000001047692de:   00 8b 00 83 f8 01 41 89 f6 75 0c 48 8d 0d 16 b8 

Register to memory mapping:

RAX=0x0000000000000000 is an unknown value
RBX=0x0000000000000000 is an unknown value
RCX=0x000000010491121b: jni_NewLocalRef+0 in /Library/Java/JavaVirtualMachines/jdk1.8.0_60.jdk/Contents/Home/jre/lib/server/libjvm.dylib at 0x0000000104600000
RDX=0x00007fd15b9e69f8 is an unknown value
RSP=0x00007ffeebe59f50 is an unknown value
RBP=0x00007ffeebe59f60 is an unknown value
RSI=0x0000000000000006 is an unknown value
RDI=0x00007ffeebe59fa0 is an unknown value
R8 =0x0000000000000300 is an unknown value
R9 =0x0000000000000000 is an unknown value
R10=0x00007fff9e498e88: OBJC_CLASS_$_JNFJObjectWrapper+0 in /System/Library/Frameworks/JavaVM.framework/Versions/A/Frameworks/JavaNativeFoundation.framework/Versions/A/JavaNativeFoundation at 0x00007fff4a162000
R11=0x00007fd15d94b3b0 is an unknown value
R12=0x00007fd15b9e69f8 is an unknown value
R13=0x00007fd15c300650 is an unknown value
R14=0x00007fd15b9e69f8 is an unknown value
R15=0x0000000000000000 is an unknown value


Stack: [0x00007ffeeb65e000,0x00007ffeebe5e000],  sp=0x00007ffeebe59f50,  free space=8175k
Native frames: (J=compiled Java code, j=interpreted, Vv=VM code, C=native code)
V  [libjvm.dylib+0x1692ce]
V  [libjvm.dylib+0x31124b]
C  [libawt_lwawt.dylib+0x19ebb]  -[CGLLayer drawInCGLContext:pixelFormat:forLayerTime:displayTime:]+0xee
C  [QuartzCore+0xb26f8]  _ZL17CAOpenGLLayerDrawP13CAOpenGLLayerdPK11CVTimeStampj+0x7b6
C  [QuartzCore+0xb1cd4]  -[CAOpenGLLayer _display]+0x243
C  [QuartzCore+0x141bc]  _ZN2CA5Layer17display_if_neededEPNS_11TransactionE+0x27a
C  [QuartzCore+0x2447]  _ZN2CA7Context18commit_transactionEPNS_11TransactionE+0x13f
C  [QuartzCore+0x1d20]  _ZN2CA11Transaction6commitEv+0x240
C  [QuartzCore+0x1a2c]  _ZN2CA11Transaction17observer_callbackEP19__CFRunLoopObservermPv+0x42
C  [CoreFoundation+0x9995d]  __CFRUNLOOP_IS_CALLING_OUT_TO_AN_OBSERVER_CALLBACK_FUNCTION__+0x17
C  [CoreFoundation+0x99892]  __CFRunLoopDoObservers+0x1c4
C  [CoreFoundation+0x3b4f4]  __CFRunLoopRun+0x5bd
C  [CoreFoundation+0x3ace4]  CFRunLoopRunSpecific+0x1cf
C  [java+0x6463]  CreateExecutionEnvironment+0x367
C  [java+0x21ac]  JLI_Launch+0x7a0
C  [java+0x84c0]  main+0x65
C  [java+0x1a04]  start+0x34


---------------  P R O C E S S  ---------------

VM state:not at safepoint (normal execution)

VM Mutex/Monitor currently owned by a thread: None

Heap:
 PSYoungGen      total 38400K, used 2508K [0x0000000795580000, 0x0000000798000000, 0x00000007c0000000)
  eden space 33280K, 7% used [0x0000000795580000,0x00000007957f32d8,0x0000000797600000)
  from space 5120K, 0% used [0x0000000797b00000,0x0000000797b00000,0x0000000798000000)
  to   space 5120K, 0% used [0x0000000797600000,0x0000000797600000,0x0000000797b00000)
 ParOldGen       total 65024K, used 7128K [0x0000000740000000, 0x0000000743f80000, 0x0000000795580000)
  object space 65024K, 10% used [0x0000000740000000,0x00000007406f6038,0x0000000743f80000)
 Metaspace       used 20911K, capacity 21678K, committed 22016K, reserved 1069056K
  class space    used 2786K, capacity 3029K, committed 3072K, reserved 1048576K

Card table byte_map: [0x00000001059be000,0x0000000105dbf000] byte_map_base: 0x0000000101fbe000

Marking Bits: (ParMarkBitMap*) 0x0000000104edee20
 Begin Bits: [0x0000000118d29000, 0x000000011ad29000)
 End Bits:   [0x000000011ad29000, 0x000000011cd29000)

Polling page: 0x0000000103ddb000

CodeCache: size=245760Kb used=6186Kb max_used=6186Kb free=239573Kb
 bounds [0x0000000109d29000, 0x000000010a339000, 0x0000000118d29000]
 total_blobs=2799 nmethods=2018 adapters=693
 compilation: enabled

Compilation events (10 events):
Event: 5.053 Thread 0x00007fd15a81e000 2014       3       java.util.concurrent.locks.ReentrantLock::unlock (10 bytes)
Event: 5.055 Thread 0x00007fd15a81e000 nmethod 2014 0x000000010a3310d0 code [0x000000010a331260, 0x000000010a331658]
Event: 5.055 Thread 0x00007fd15a81e000 2013       3       sun.awt.AppContext::getAppContext (51 bytes)
Event: 5.056 Thread 0x00007fd15a81e000 nmethod 2013 0x000000010a331790 code [0x000000010a331940, 0x000000010a331fb8]
Event: 5.063 Thread 0x00007fd15a81e000 2016   !   3       java.lang.ClassLoader::findNative (86 bytes)
Event: 5.064 Thread 0x00007fd15a81e000 nmethod 2016 0x000000010a3324d0 code [0x000000010a332680, 0x000000010a332f58]
Event: 5.064 Thread 0x00007fd15a81e000 2017       3       java.util.LinkedList$ListItr::checkForComodification (23 bytes)
Event: 5.064 Thread 0x00007fd15a81e000 nmethod 2017 0x000000010a3332d0 code [0x000000010a333440, 0x000000010a333668]
Event: 5.068 Thread 0x00007fd15a81e000 2018       3       java.util.concurrent.locks.ReentrantLock$NonfairSync::lock (25 bytes)
Event: 5.069 Thread 0x00007fd15a81e000 nmethod 2018 0x000000010a333990 code [0x000000010a333b60, 0x000000010a334398]

GC Heap History (6 events):
Event: 2.330 GC heap before
{Heap before GC invocations=1 (full 0):
 PSYoungGen      total 38400K, used 33280K [0x0000000795580000, 0x0000000798000000, 0x00000007c0000000)
  eden space 33280K, 100% used [0x0000000795580000,0x0000000797600000,0x0000000797600000)
  from space 5120K, 0% used [0x0000000797b00000,0x0000000797b00000,0x0000000798000000)
  to   space 5120K, 0% used [0x0000000797600000,0x0000000797600000,0x0000000797b00000)
 ParOldGen       total 87552K, used 0K [0x0000000740000000, 0x0000000745580000, 0x0000000795580000)
  object space 87552K, 0% used [0x0000000740000000,0x0000000740000000,0x0000000745580000)
 Metaspace       used 15183K, capacity 15668K, committed 15744K, reserved 1062912K
  class space    used 1969K, capacity 2102K, committed 2176K, reserved 1048576K
Event: 2.342 GC heap after
Heap after GC invocations=1 (full 0):
 PSYoungGen      total 38400K, used 5088K [0x0000000795580000, 0x0000000798000000, 0x00000007c0000000)
  eden space 33280K, 0% used [0x0000000795580000,0x0000000795580000,0x0000000797600000)
  from space 5120K, 99% used [0x0000000797600000,0x0000000797af8030,0x0000000797b00000)
  to   space 5120K, 0% used [0x0000000797b00000,0x0000000797b00000,0x0000000798000000)
 ParOldGen       total 87552K, used 1606K [0x0000000740000000, 0x0000000745580000, 0x0000000795580000)
  object space 87552K, 1% used [0x0000000740000000,0x00000007401918d0,0x0000000745580000)
 Metaspace       used 15183K, capacity 15668K, committed 15744K, reserved 1062912K
  class space    used 1969K, capacity 2102K, committed 2176K, reserved 1048576K
}
Event: 4.886 GC heap before
{Heap before GC invocations=2 (full 0):
 PSYoungGen      total 38400K, used 17254K [0x0000000795580000, 0x0000000798000000, 0x00000007c0000000)
  eden space 33280K, 36% used [0x0000000795580000,0x0000000796161a50,0x0000000797600000)
  from space 5120K, 99% used [0x0000000797600000,0x0000000797af8030,0x0000000797b00000)
  to   space 5120K, 0% used [0x0000000797b00000,0x0000000797b00000,0x0000000798000000)
 ParOldGen       total 87552K, used 1606K [0x0000000740000000, 0x0000000745580000, 0x0000000795580000)
  object space 87552K, 1% used [0x0000000740000000,0x00000007401918d0,0x0000000745580000)
 Metaspace       used 20436K, capacity 21174K, committed 21296K, reserved 1067008K
  class space    used 2702K, capacity 2927K, committed 2944K, reserved 1048576K
Event: 4.905 GC heap after
Heap after GC invocations=2 (full 0):
 PSYoungGen      total 38400K, used 5096K [0x0000000795580000, 0x0000000798000000, 0x00000007c0000000)
  eden space 33280K, 0% used [0x0000000795580000,0x0000000795580000,0x0000000797600000)
  from space 5120K, 99% used [0x0000000797b00000,0x0000000797ffa040,0x0000000798000000)
  to   space 5120K, 0% used [0x0000000797600000,0x0000000797600000,0x0000000797b00000)
 ParOldGen       total 87552K, used 2283K [0x0000000740000000, 0x0000000745580000, 0x0000000795580000)
  object space 87552K, 2% used [0x0000000740000000,0x000000074023add0,0x0000000745580000)
 Metaspace       used 20436K, capacity 21174K, committed 21296K, reserved 1067008K
  class space    used 2702K, capacity 2927K, committed 2944K, reserved 1048576K
}
Event: 4.905 GC heap before
{Heap before GC invocations=3 (full 1):
 PSYoungGen      total 38400K, used 5096K [0x0000000795580000, 0x0000000798000000, 0x00000007c0000000)
  eden space 33280K, 0% used [0x0000000795580000,0x0000000795580000,0x0000000797600000)
  from space 5120K, 99% used [0x0000000797b00000,0x0000000797ffa040,0x0000000798000000)
  to   space 5120K, 0% used [0x0000000797600000,0x0000000797600000,0x0000000797b00000)
 ParOldGen       total 87552K, used 2283K [0x0000000740000000, 0x0000000745580000, 0x0000000795580000)
  object space 87552K, 2% used [0x0000000740000000,0x000000074023add0,0x0000000745580000)
 Metaspace       used 20436K, capacity 21174K, committed 21296K, reserved 1067008K
  class space    used 2702K, capacity 2927K, committed 2944K, reserved 1048576K
Event: 4.967 GC heap after
Heap after GC invocations=3 (full 1):
 PSYoungGen      total 38400K, used 0K [0x0000000795580000, 0x0000000798000000, 0x00000007c0000000)
  eden space 33280K, 0% used [0x0000000795580000,0x0000000795580000,0x0000000797600000)
  from space 5120K, 0% used [0x0000000797b00000,0x0000000797b00000,0x0000000798000000)
  to   space 5120K, 0% used [0x0000000797600000,0x0000000797600000,0x0000000797b00000)
 ParOldGen       total 65024K, used 7128K [0x0000000740000000, 0x0000000743f80000, 0x0000000795580000)
  object space 65024K, 10% used [0x0000000740000000,0x00000007406f6038,0x0000000743f80000)
 Metaspace       used 20436K, capacity 21174K, committed 21296K, reserved 1067008K
  class space    used 2702K, capacity 2927K, committed 2944K, reserved 1048576K
}

Deoptimization events (10 events):
Event: 2.442 Thread 0x00007fd15b9e6800 Uncommon trap: reason=class_check action=maybe_recompile pc=0x0000000109e4155c method=java.lang.String.equals(Ljava/lang/Object;)Z @ 8
Event: 2.443 Thread 0x00007fd15b9e6800 Uncommon trap: reason=class_check action=maybe_recompile pc=0x0000000109e4155c method=java.lang.String.equals(Ljava/lang/Object;)Z @ 8
Event: 2.443 Thread 0x00007fd15b9e6800 Uncommon trap: reason=class_check action=maybe_recompile pc=0x0000000109e4155c method=java.lang.String.equals(Ljava/lang/Object;)Z @ 8
Event: 2.444 Thread 0x00007fd15b9e6800 Uncommon trap: reason=class_check action=maybe_recompile pc=0x0000000109e4155c method=java.lang.String.equals(Ljava/lang/Object;)Z @ 8
Event: 4.710 Thread 0x00007fd15b9e6800 Uncommon trap: reason=unstable_if action=reinterpret pc=0x000000010a16557c method=jdk.internal.org.objectweb.asm.Type.getArgumentsAndReturnSizes(Ljava/lang/String;)I @ 47
Event: 4.805 Thread 0x00007fd15b9e6800 Uncommon trap: reason=unstable_if action=reinterpret pc=0x000000010a2b98f0 method=java.util.HashMap.isEmpty()Z @ 4
Event: 4.853 Thread 0x00007fd15b9e6800 Uncommon trap: reason=unstable_if action=reinterpret pc=0x0000000109fd81f4 method=java.lang.AbstractStringBuilder.append(Ljava/lang/String;)Ljava/lang/AbstractStringBuilder; @ 1
Event: 4.854 Thread 0x00007fd15b9e6800 Uncommon trap: reason=unstable_if action=reinterpret pc=0x0000000109f20be8 method=java.lang.AbstractStringBuilder.append(Ljava/lang/String;)Ljava/lang/AbstractStringBuilder; @ 1
Event: 4.973 Thread 0x00007fd15a525000 Uncommon trap: reason=unstable_if action=reinterpret pc=0x000000010a2218b4 method=java.util.WeakHashMap.expungeStaleEntries()V @ 9
Event: 4.982 Thread 0x00007fd15a525000 Uncommon trap: reason=unstable_if action=reinterpret pc=0x000000010a0ab21c method=sun.java2d.loops.GraphicsPrimitiveMgr.locatePrim(ILsun/java2d/loops/SurfaceType;Lsun/java2d/loops/CompositeType;Lsun/java2d/loops/SurfaceType;)Lsun/java2d/loops/GraphicsPrim

Internal exceptions (10 events):
Event: 1.209 Thread 0x00007fd15b9e6800 Exception <a 'java/lang/ArrayIndexOutOfBoundsException'> (0x00000007965c95d8) thrown at [/Users/java_re/workspace/8-2-build-macosx-x86_64/jdk8u60/4407/hotspot/src/share/vm/runtime/sharedRuntime.cpp, line 605]
Event: 1.926 Thread 0x00007fd15b9e6800 Exception <a 'java/lang/ArrayIndexOutOfBoundsException'> (0x0000000796a39b58) thrown at [/Users/java_re/workspace/8-2-build-macosx-x86_64/jdk8u60/4407/hotspot/src/share/vm/runtime/sharedRuntime.cpp, line 605]
Event: 1.926 Thread 0x00007fd15b9e6800 Exception <a 'java/lang/ArrayIndexOutOfBoundsException'> (0x0000000796a3af48) thrown at [/Users/java_re/workspace/8-2-build-macosx-x86_64/jdk8u60/4407/hotspot/src/share/vm/runtime/sharedRuntime.cpp, line 605]
Event: 2.002 Thread 0x00007fd15b9e6800 Exception <a 'java/io/FileNotFoundException'> (0x0000000796b93580) thrown at [/Users/java_re/workspace/8-2-build-macosx-x86_64/jdk8u60/4407/hotspot/src/share/vm/prims/jni.cpp, line 709]
Event: 2.251 Thread 0x00007fd15b9e6800 Implicit null exception at 0x0000000109ffefb5 to 0x0000000109fff1f1
Event: 2.251 Thread 0x00007fd15b9e6800 Implicit null exception at 0x0000000109feb7d8 to 0x0000000109feb866
Event: 2.263 Thread 0x00007fd15b9e6800 Exception <a 'java/io/FileNotFoundException'> (0x000000079748d958) thrown at [/Users/java_re/workspace/8-2-build-macosx-x86_64/jdk8u60/4407/hotspot/src/share/vm/prims/jni.cpp, line 709]
Event: 4.853 Thread 0x00007fd15b9e6800 Implicit null exception at 0x0000000109fd7e75 to 0x0000000109fd81e1
Event: 4.854 Thread 0x00007fd15b9e6800 Implicit null exception at 0x0000000109f20875 to 0x0000000109f20bd5
Event: 4.969 Thread 0x00007fd15b826000 Exception <a 'java/lang/NullPointerException'> (0x000000079562d5c8) thrown at [/Users/java_re/workspace/8-2-build-macosx-x86_64/jdk8u60/4407/hotspot/src/share/vm/interpreter/linkResolver.cpp, line 1178]

Events (10 events):
Event: 5.067 loading class sun/print/PrinterGraphicsConfig
Event: 5.067 loading class sun/print/PrinterGraphicsConfig done
Event: 5.067 loading class sun/java2d/opengl/CGLVolatileSurfaceManager
Event: 5.067 loading class sun/awt/image/VolatileSurfaceManager
Event: 5.067 loading class sun/awt/image/VolatileSurfaceManager done
Event: 5.067 loading class sun/java2d/opengl/CGLVolatileSurfaceManager done
Event: 5.067 loading class sun/java2d/opengl/CGLSurfaceData$CGLOffScreenSurfaceData
Event: 5.067 loading class sun/java2d/opengl/CGLSurfaceData$CGLOffScreenSurfaceData done
Event: 5.068 loading class java/awt/geom/Rectangle2D$Float
Event: 5.069 loading class java/awt/geom/Rectangle2D$Float done


Dynamic libraries:
0x000000001ad13000 	/System/Library/Frameworks/Cocoa.framework/Versions/A/Cocoa
0x000000001ad13000 	/System/Library/Frameworks/Security.framework/Versions/A/Security
0x000000001ad13000 	/System/Library/Frameworks/ApplicationServices.framework/Versions/A/ApplicationServices
0x000000001ad13000 	/usr/lib/libz.1.dylib
0x000000001ad13000 	/usr/lib/libSystem.B.dylib
0x000000001ad13000 	/usr/lib/libobjc.A.dylib
0x000000001ad13000 	/System/Library/Frameworks/CoreFoundation.framework/Versions/A/CoreFoundation
0x000000001ad13000 	/System/Library/Frameworks/Foundation.framework/Versions/C/Foundation
0x000000001ad13000 	/System/Library/Frameworks/AppKit.framework/Versions/C/AppKit
0x000000001ad13000 	/System/Library/Frameworks/CoreData.framework/Versions/A/CoreData
0x000000001ad13000 	/System/Library/PrivateFrameworks/RemoteViewServices.framework/Versions/A/RemoteViewServices
0x000000001ad13000 	/System/Library/PrivateFrameworks/UIFoundation.framework/Versions/A/UIFoundation
0x000000001ad13000 	/System/Library/PrivateFrameworks/XCTTargetBootstrap.framework/Versions/A/XCTTargetBootstrap
0x000000001ad13000 	/System/Library/PrivateFrameworks/IconServices.framework/Versions/A/IconServices
0x000000001ad13000 	/System/Library/Frameworks/Metal.framework/Versions/A/Metal
0x000000001ad13000 	/System/Library/PrivateFrameworks/DesktopServicesPriv.framework/Versions/A/DesktopServicesPriv
0x000000001ad13000 	/usr/lib/libenergytrace.dylib
0x000000001ad13000 	/System/Library/PrivateFrameworks/SkyLight.framework/Versions/A/SkyLight
0x000000001ad13000 	/System/Library/Frameworks/CoreGraphics.framework/Versions/A/CoreGraphics
0x000000001ad13000 	/System/Library/Frameworks/Accelerate.framework/Versions/A/Accelerate
0x000000001ad13000 	/System/Library/Frameworks/IOSurface.framework/Versions/A/IOSurface
0x000000001ad13000 	/System/Library/PrivateFrameworks/DFRFoundation.framework/Versions/A/DFRFoundation
0x000000001ad13000 	/System/Library/Frameworks/AudioToolbox.framework/Versions/A/AudioToolbox
0x000000001ad13000 	/System/Library/Frameworks/AudioUnit.framework/Versions/A/AudioUnit
0x000000001ad13000 	/System/Library/PrivateFrameworks/DataDetectorsCore.framework/Versions/A/DataDetectorsCore
0x000000001ad13000 	/System/Library/Frameworks/Carbon.framework/Versions/A/Frameworks/HIToolbox.framework/Versions/A/HIToolbox
0x000000001ad13000 	/usr/lib/libicucore.A.dylib
0x000000001ad13000 	/System/Library/Frameworks/QuartzCore.framework/Versions/A/QuartzCore
0x000000001ad13000 	/System/Library/Frameworks/Carbon.framework/Versions/A/Frameworks/SpeechRecognition.framework/Versions/A/SpeechRecognition
0x000000001ad13000 	/usr/lib/libauto.dylib
0x000000001ad13000 	/usr/lib/libxml2.2.dylib
0x000000001ad13000 	/System/Library/PrivateFrameworks/CoreUI.framework/Versions/A/CoreUI
0x000000001ad13000 	/System/Library/Frameworks/CoreAudio.framework/Versions/A/CoreAudio
0x000000001ad13000 	/System/Library/Frameworks/DiskArbitration.framework/Versions/A/DiskArbitration
0x000000001ad13000 	/usr/lib/liblangid.dylib
0x000000001ad13000 	/System/Library/PrivateFrameworks/MultitouchSupport.framework/Versions/A/MultitouchSupport
0x000000001ad13000 	/System/Library/Frameworks/IOKit.framework/Versions/A/IOKit
0x000000001ad13000 	/usr/lib/libDiagnosticMessagesClient.dylib
0x000000001ad13000 	/System/Library/Frameworks/CoreServices.framework/Versions/A/CoreServices
0x000000001ad13000 	/System/Library/PrivateFrameworks/PerformanceAnalysis.framework/Versions/A/PerformanceAnalysis
0x000000001ad13000 	/System/Library/Frameworks/OpenGL.framework/Versions/A/OpenGL
0x000000001ad13000 	/System/Library/Frameworks/ColorSync.framework/Versions/A/ColorSync
0x000000001ad13000 	/System/Library/Frameworks/CoreImage.framework/Versions/A/CoreImage
0x000000001ad13000 	/System/Library/Frameworks/CoreText.framework/Versions/A/CoreText
0x000000001ad13000 	/System/Library/Frameworks/ImageIO.framework/Versions/A/ImageIO
0x000000001ad13000 	/System/Library/PrivateFrameworks/Backup.framework/Versions/A/Backup
0x000000001ad13000 	/usr/lib/libarchive.2.dylib
0x000000001ad13000 	/System/Library/Frameworks/CFNetwork.framework/Versions/A/CFNetwork
0x000000001ad13000 	/System/Library/Frameworks/SystemConfiguration.framework/Versions/A/SystemConfiguration
0x000000001ad13000 	/usr/lib/libCRFSuite.dylib
0x000000001ad13000 	/usr/lib/libc++.1.dylib
0x000000001ad13000 	/usr/lib/libc++abi.dylib
0x000000001ad13000 	/usr/lib/system/libcache.dylib
0x000000001ad13000 	/usr/lib/system/libcommonCrypto.dylib
0x000000001ad13000 	/usr/lib/system/libcompiler_rt.dylib
0x000000001ad13000 	/usr/lib/system/libcopyfile.dylib
0x000000001ad13000 	/usr/lib/system/libcorecrypto.dylib
0x000000001ad13000 	/usr/lib/system/libdispatch.dylib
0x000000001ad13000 	/usr/lib/system/libdyld.dylib
0x000000001ad13000 	/usr/lib/system/libkeymgr.dylib
0x000000001ad13000 	/usr/lib/system/liblaunch.dylib
0x000000001ad13000 	/usr/lib/system/libmacho.dylib
0x000000001ad13000 	/usr/lib/system/libquarantine.dylib
0x000000001ad13000 	/usr/lib/system/libremovefile.dylib
0x000000001ad13000 	/usr/lib/system/libsystem_asl.dylib
0x000000001ad13000 	/usr/lib/system/libsystem_blocks.dylib
0x000000001ad13000 	/usr/lib/system/libsystem_c.dylib
0x000000001ad13000 	/usr/lib/system/libsystem_configuration.dylib
0x000000001ad13000 	/usr/lib/system/libsystem_coreservices.dylib
0x000000001ad13000 	/usr/lib/system/libsystem_darwin.dylib
0x000000001ad13000 	/usr/lib/system/libsystem_dnssd.dylib
0x000000001ad13000 	/usr/lib/system/libsystem_info.dylib
0x000000001ad13000 	/usr/lib/system/libsystem_m.dylib
0x000000001ad13000 	/usr/lib/system/libsystem_malloc.dylib
0x000000001ad13000 	/usr/lib/system/libsystem_networkextension.dylib
0x000000001ad13000 	/usr/lib/system/libsystem_notify.dylib
0x000000001ad13000 	/usr/lib/system/libsystem_sandbox.dylib
0x000000001ad13000 	/usr/lib/system/libsystem_secinit.dylib
0x000000001ad13000 	/usr/lib/system/libsystem_kernel.dylib
0x000000001ad13000 	/usr/lib/system/libsystem_platform.dylib
0x000000001ad13000 	/usr/lib/system/libsystem_pthread.dylib
0x000000001ad13000 	/usr/lib/system/libsystem_symptoms.dylib
0x000000001ad13000 	/usr/lib/system/libsystem_trace.dylib
0x000000001ad13000 	/usr/lib/system/libunwind.dylib
0x000000001ad13000 	/usr/lib/system/libxpc.dylib
0x000000001ad13000 	/usr/lib/libbsm.0.dylib
0x000000001ad13000 	/usr/lib/system/libkxld.dylib
0x000000001ad13000 	/System/Library/PrivateFrameworks/AppleFSCompression.framework/Versions/A/AppleFSCompression
0x000000001ad13000 	/usr/lib/libOpenScriptingUtil.dylib
0x000000001ad13000 	/usr/lib/libcoretls.dylib
0x000000001ad13000 	/usr/lib/libcoretls_cfhelpers.dylib
0x000000001ad13000 	/usr/lib/libpam.2.dylib
0x000000001ad13000 	/usr/lib/libsqlite3.dylib
0x000000001ad13000 	/usr/lib/libxar.1.dylib
0x000000001ad13000 	/usr/lib/libbz2.1.0.dylib
0x000000001ad13000 	/usr/lib/liblzma.5.dylib
0x000000001ad13000 	/usr/lib/libnetwork.dylib
0x000000001ad13000 	/usr/lib/libapple_nghttp2.dylib
0x000000001ad13000 	/usr/lib/libpcap.A.dylib
0x000000001ad13000 	/System/Library/Frameworks/CoreServices.framework/Versions/A/Frameworks/FSEvents.framework/Versions/A/FSEvents
0x000000001ad13000 	/System/Library/Frameworks/CoreServices.framework/Versions/A/Frameworks/CarbonCore.framework/Versions/A/CarbonCore
0x000000001ad13000 	/System/Library/Frameworks/CoreServices.framework/Versions/A/Frameworks/Metadata.framework/Versions/A/Metadata
0x000000001ad13000 	/System/Library/Frameworks/CoreServices.framework/Versions/A/Frameworks/OSServices.framework/Versions/A/OSServices
0x000000001ad13000 	/System/Library/Frameworks/CoreServices.framework/Versions/A/Frameworks/SearchKit.framework/Versions/A/SearchKit
0x000000001ad13000 	/System/Library/Frameworks/CoreServices.framework/Versions/A/Frameworks/AE.framework/Versions/A/AE
0x000000001ad13000 	/System/Library/Frameworks/CoreServices.framework/Versions/A/Frameworks/LaunchServices.framework/Versions/A/LaunchServices
0x000000001ad13000 	/System/Library/Frameworks/CoreServices.framework/Versions/A/Frameworks/DictionaryServices.framework/Versions/A/DictionaryServices
0x000000001ad13000 	/System/Library/Frameworks/CoreServices.framework/Versions/A/Frameworks/SharedFileList.framework/Versions/A/SharedFileList
0x000000001ad13000 	/System/Library/Frameworks/NetFS.framework/Versions/A/NetFS
0x000000001ad13000 	/System/Library/PrivateFrameworks/NetAuth.framework/Versions/A/NetAuth
0x000000001ad13000 	/System/Library/PrivateFrameworks/login.framework/Versions/A/Frameworks/loginsupport.framework/Versions/A/loginsupport
0x000000001ad13000 	/System/Library/PrivateFrameworks/TCC.framework/Versions/A/TCC
0x000000001ad13000 	/System/Library/PrivateFrameworks/CoreNLP.framework/Versions/A/CoreNLP
0x000000001ad13000 	/System/Library/PrivateFrameworks/MetadataUtilities.framework/Versions/A/MetadataUtilities
0x000000001ad13000 	/usr/lib/libmecabra.dylib
0x000000001ad13000 	/System/Library/Frameworks/ApplicationServices.framework/Versions/A/Frameworks/ATS.framework/Versions/A/ATS
0x000000001ad13000 	/System/Library/Frameworks/ApplicationServices.framework/Versions/A/Frameworks/ColorSyncLegacy.framework/Versions/A/ColorSyncLegacy
0x000000001ad13000 	/System/Library/Frameworks/ApplicationServices.framework/Versions/A/Frameworks/HIServices.framework/Versions/A/HIServices
0x000000001ad13000 	/System/Library/Frameworks/ApplicationServices.framework/Versions/A/Frameworks/LangAnalysis.framework/Versions/A/LangAnalysis
0x000000001ad13000 	/System/Library/Frameworks/ApplicationServices.framework/Versions/A/Frameworks/PrintCore.framework/Versions/A/PrintCore
0x000000001ad13000 	/System/Library/Frameworks/ApplicationServices.framework/Versions/A/Frameworks/QD.framework/Versions/A/QD
0x000000001ad13000 	/System/Library/Frameworks/ApplicationServices.framework/Versions/A/Frameworks/SpeechSynthesis.framework/Versions/A/SpeechSynthesis
0x000000001ad13000 	/usr/lib/libcompression.dylib
0x000000001ad13000 	/System/Library/Frameworks/CoreDisplay.framework/Versions/A/CoreDisplay
0x000000001ad13000 	/System/Library/Frameworks/MetalPerformanceShaders.framework/Versions/A/MetalPerformanceShaders
0x000000001ad13000 	/System/Library/Frameworks/Accelerate.framework/Versions/A/Frameworks/vImage.framework/Versions/A/vImage
0x000000001ad13000 	/System/Library/Frameworks/Accelerate.framework/Versions/A/Frameworks/vecLib.framework/Versions/A/vecLib
0x000000001ad13000 	/System/Library/Frameworks/Accelerate.framework/Versions/A/Frameworks/vecLib.framework/Versions/A/libvMisc.dylib
0x000000001ad13000 	/System/Library/Frameworks/Accelerate.framework/Versions/A/Frameworks/vecLib.framework/Versions/A/libvDSP.dylib
0x000000001ad13000 	/System/Library/Frameworks/Accelerate.framework/Versions/A/Frameworks/vecLib.framework/Versions/A/libBLAS.dylib
0x000000001ad13000 	/System/Library/Frameworks/Accelerate.framework/Versions/A/Frameworks/vecLib.framework/Versions/A/libLAPACK.dylib
0x000000001ad13000 	/System/Library/Frameworks/Accelerate.framework/Versions/A/Frameworks/vecLib.framework/Versions/A/libLinearAlgebra.dylib
0x000000001ad13000 	/System/Library/Frameworks/Accelerate.framework/Versions/A/Frameworks/vecLib.framework/Versions/A/libSparseBLAS.dylib
0x000000001ad13000 	/System/Library/Frameworks/Accelerate.framework/Versions/A/Frameworks/vecLib.framework/Versions/A/libQuadrature.dylib
0x000000001ad13000 	/System/Library/Frameworks/Accelerate.framework/Versions/A/Frameworks/vecLib.framework/Versions/A/libBNNS.dylib
0x000000001ad13000 	/System/Library/Frameworks/Accelerate.framework/Versions/A/Frameworks/vecLib.framework/Versions/A/libSparse.dylib
0x000000001ad13000 	/System/Library/PrivateFrameworks/GPUWrangler.framework/Versions/A/GPUWrangler
0x000000001ad13000 	/System/Library/PrivateFrameworks/IOAccelerator.framework/Versions/A/IOAccelerator
0x000000001ad13000 	/System/Library/PrivateFrameworks/IOPresentment.framework/Versions/A/IOPresentment
0x000000001ad13000 	/System/Library/PrivateFrameworks/DSExternalDisplay.framework/Versions/A/DSExternalDisplay
0x000000001ad13000 	/System/Library/Frameworks/OpenGL.framework/Versions/A/Libraries/libCoreFSCache.dylib
0x000000001ad13000 	/System/Library/Frameworks/MetalPerformanceShaders.framework/Frameworks/MPSCore.framework/Versions/A/MPSCore
0x000000001ad13000 	/System/Library/Frameworks/MetalPerformanceShaders.framework/Frameworks/MPSImage.framework/Versions/A/MPSImage
0x000000001ad13000 	/System/Library/Frameworks/MetalPerformanceShaders.framework/Frameworks/MPSNeuralNetwork.framework/Versions/A/MPSNeuralNetwork
0x000000001ad13000 	/System/Library/Frameworks/MetalPerformanceShaders.framework/Frameworks/MPSMatrix.framework/Versions/A/MPSMatrix
0x000000001ad13000 	/System/Library/Frameworks/MetalPerformanceShaders.framework/Frameworks/MPSRayIntersector.framework/Versions/A/MPSRayIntersector
0x000000001ad13000 	/System/Library/PrivateFrameworks/MetalTools.framework/Versions/A/MetalTools
0x000000001ad13000 	/System/Library/PrivateFrameworks/AggregateDictionary.framework/Versions/A/AggregateDictionary
0x000000001ad13000 	/usr/lib/libMobileGestalt.dylib
0x000000001ad13000 	/System/Library/Frameworks/CoreVideo.framework/Versions/A/CoreVideo
0x000000001ad13000 	/System/Library/PrivateFrameworks/GraphVisualizer.framework/Versions/A/GraphVisualizer
0x000000001ad13000 	/System/Library/PrivateFrameworks/FaceCore.framework/Versions/A/FaceCore
0x000000001ad13000 	/System/Library/Frameworks/OpenCL.framework/Versions/A/OpenCL
0x000000001ad13000 	/usr/lib/libFosl_dynamic.dylib
0x000000001ad13000 	/System/Library/PrivateFrameworks/OTSVG.framework/Versions/A/OTSVG
0x000000001ad13000 	/System/Library/Frameworks/ApplicationServices.framework/Versions/A/Frameworks/ATS.framework/Versions/A/Resources/libFontParser.dylib
0x000000001ad13000 	/System/Library/Frameworks/ApplicationServices.framework/Versions/A/Frameworks/ATS.framework/Versions/A/Resources/libFontRegistry.dylib
0x000000001ad13000 	/System/Library/Frameworks/ImageIO.framework/Versions/A/Resources/libJPEG.dylib
0x000000001ad13000 	/System/Library/Frameworks/ImageIO.framework/Versions/A/Resources/libTIFF.dylib
0x000000001ad13000 	/System/Library/Frameworks/ImageIO.framework/Versions/A/Resources/libPng.dylib
0x000000001ad13000 	/System/Library/Frameworks/ImageIO.framework/Versions/A/Resources/libGIF.dylib
0x000000001ad13000 	/System/Library/Frameworks/ImageIO.framework/Versions/A/Resources/libJP2.dylib
0x000000001ad13000 	/System/Library/Frameworks/ImageIO.framework/Versions/A/Resources/libRadiance.dylib
0x000000001ad13000 	/System/Library/PrivateFrameworks/AppleJPEG.framework/Versions/A/AppleJPEG
0x000000001ad13000 	/System/Library/Frameworks/OpenGL.framework/Versions/A/Libraries/libGFXShared.dylib
0x000000001ad13000 	/System/Library/Frameworks/OpenGL.framework/Versions/A/Libraries/libGLU.dylib
0x000000001ad13000 	/System/Library/Frameworks/OpenGL.framework/Versions/A/Libraries/libGL.dylib
0x000000001ad13000 	/System/Library/Frameworks/OpenGL.framework/Versions/A/Libraries/libGLImage.dylib
0x000000001ad13000 	/System/Library/Frameworks/OpenGL.framework/Versions/A/Libraries/libCVMSPluginSupport.dylib
0x000000001ad13000 	/System/Library/Frameworks/OpenGL.framework/Versions/A/Libraries/libCoreVMClient.dylib
0x000000001ad13000 	/usr/lib/libcups.2.dylib
0x000000001ad13000 	/System/Library/Frameworks/Kerberos.framework/Versions/A/Kerberos
0x000000001ad13000 	/System/Library/Frameworks/GSS.framework/Versions/A/GSS
0x000000001ad13000 	/usr/lib/libresolv.9.dylib
0x000000001ad13000 	/usr/lib/libiconv.2.dylib
0x000000001ad13000 	/System/Library/PrivateFrameworks/Heimdal.framework/Versions/A/Heimdal
0x000000001ad13000 	/usr/lib/libheimdal-asn1.dylib
0x000000001ad13000 	/System/Library/Frameworks/OpenDirectory.framework/Versions/A/OpenDirectory
0x000000001ad13000 	/System/Library/PrivateFrameworks/CommonAuth.framework/Versions/A/CommonAuth
0x000000001ad13000 	/System/Library/Frameworks/OpenDirectory.framework/Versions/A/Frameworks/CFOpenDirectory.framework/Versions/A/CFOpenDirectory
0x000000001ad13000 	/System/Library/Frameworks/SecurityFoundation.framework/Versions/A/SecurityFoundation
0x000000001ad13000 	/System/Library/PrivateFrameworks/APFS.framework/Versions/A/APFS
0x000000001ad13000 	/usr/lib/libutil.dylib
0x000000001ad13000 	/usr/lib/libcharset.1.dylib
0x000000001ad13000 	/System/Library/PrivateFrameworks/AppleSauce.framework/Versions/A/AppleSauce
0x000000001ad13000 	/System/Library/PrivateFrameworks/AssertionServices.framework/Versions/A/AssertionServices
0x000000001ad13000 	/System/Library/PrivateFrameworks/BaseBoard.framework/Versions/A/BaseBoard
0x000000001ad13000 	/usr/lib/libmecab.1.0.0.dylib
0x000000001ad13000 	/usr/lib/libgermantok.dylib
0x000000001ad13000 	/usr/lib/libThaiTokenizer.dylib
0x000000001ad13000 	/usr/lib/libChineseTokenizer.dylib
0x000000001ad13000 	/System/Library/PrivateFrameworks/LanguageModeling.framework/Versions/A/LanguageModeling
0x000000001ad13000 	/System/Library/PrivateFrameworks/CoreEmoji.framework/Versions/A/CoreEmoji
0x000000001ad13000 	/System/Library/PrivateFrameworks/Lexicon.framework/Versions/A/Lexicon
0x000000001ad13000 	/System/Library/PrivateFrameworks/LinguisticData.framework/Versions/A/LinguisticData
0x000000001ad13000 	/usr/lib/libcmph.dylib
0x000000001ad13000 	/System/Library/Frameworks/ServiceManagement.framework/Versions/A/ServiceManagement
0x000000001ad13000 	/System/Library/PrivateFrameworks/BackgroundTaskManagement.framework/Versions/A/BackgroundTaskManagement
0x000000001ad13000 	/usr/lib/libxslt.1.dylib
0x000000001ad13000 	/System/Library/Frameworks/Carbon.framework/Versions/A/Frameworks/Ink.framework/Versions/A/Ink
0x000000001ad13000 	/System/Library/PrivateFrameworks/TextureIO.framework/Versions/A/TextureIO
0x000000001ad13000 	/usr/lib/libate.dylib
0x000000001ad13000 	/System/Library/PrivateFrameworks/CrashReporterSupport.framework/Versions/A/CrashReporterSupport
0x000000001ad13000 	/System/Library/PrivateFrameworks/Sharing.framework/Versions/A/Sharing
0x000000001ad13000 	/System/Library/PrivateFrameworks/AuthKit.framework/Versions/A/AuthKit
0x000000001ad13000 	/System/Library/PrivateFrameworks/Apple80211.framework/Versions/A/Apple80211
0x000000001ad13000 	/System/Library/PrivateFrameworks/CoreUtils.framework/Versions/A/CoreUtils
0x000000001ad13000 	/System/Library/Frameworks/CoreWLAN.framework/Versions/A/CoreWLAN
0x000000001ad13000 	/System/Library/Frameworks/IOBluetooth.framework/Versions/A/IOBluetooth
0x000000001ad13000 	/System/Library/PrivateFrameworks/ProtocolBuffer.framework/Versions/A/ProtocolBuffer
0x000000001ad13000 	/System/Library/PrivateFrameworks/MobileKeyBag.framework/Versions/A/MobileKeyBag
0x000000001ad13000 	/System/Library/PrivateFrameworks/CorePhoneNumbers.framework/Versions/A/CorePhoneNumbers
0x000000001ad13000 	/System/Library/PrivateFrameworks/AppleIDAuthSupport.framework/Versions/A/AppleIDAuthSupport
0x000000001ad13000 	/System/Library/PrivateFrameworks/KeychainCircle.framework/Versions/A/KeychainCircle
0x000000001ad13000 	/System/Library/PrivateFrameworks/ROCKit.framework/Versions/A/ROCKit
0x000000001ad13000 	/System/Library/PrivateFrameworks/CoreWiFi.framework/Versions/A/CoreWiFi
0x000000001ad13000 	/System/Library/Frameworks/CoreBluetooth.framework/Versions/A/CoreBluetooth
0x000000001ad13000 	/System/Library/PrivateFrameworks/DebugSymbols.framework/Versions/A/DebugSymbols
0x000000001ad13000 	/System/Library/PrivateFrameworks/CoreSymbolication.framework/Versions/A/CoreSymbolication
0x000000001ad13000 	/System/Library/PrivateFrameworks/Symbolication.framework/Versions/A/Symbolication
0x000000001ad13000 	/System/Library/PrivateFrameworks/SpeechRecognitionCore.framework/Versions/A/SpeechRecognitionCore
0x0000000104600000 	/Library/Java/JavaVirtualMachines/jdk1.8.0_60.jdk/Contents/Home/jre/lib/server/libjvm.dylib
0x000000001ad13000 	/usr/lib/libstdc++.6.dylib
0x0000000103dcd000 	/Library/Java/JavaVirtualMachines/jdk1.8.0_60.jdk/Contents/Home/jre/lib/libverify.dylib
0x0000000105589000 	/Library/Java/JavaVirtualMachines/jdk1.8.0_60.jdk/Contents/Home/jre/lib/libjava.dylib
0x0000000103de5000 	/Library/Java/JavaVirtualMachines/jdk1.8.0_60.jdk/Contents/Home/jre/lib/libzip.dylib
0x000000001ad13000 	/System/Library/Frameworks/JavaVM.framework/Versions/A/Frameworks/JavaRuntimeSupport.framework/Versions/A/JavaRuntimeSupport
0x000000001ad13000 	/System/Library/Frameworks/JavaVM.framework/Versions/A/Frameworks/JavaNativeFoundation.framework/Versions/A/JavaNativeFoundation
0x000000001ad13000 	/System/Library/Frameworks/JavaVM.framework/Versions/A/JavaVM
0x000000001ad13000 	/System/Library/Frameworks/Carbon.framework/Versions/A/Carbon
0x000000001ad13000 	/System/Library/PrivateFrameworks/JavaLaunching.framework/Versions/A/JavaLaunching
0x000000001ad13000 	/System/Library/Frameworks/Carbon.framework/Versions/A/Frameworks/CommonPanels.framework/Versions/A/CommonPanels
0x000000001ad13000 	/System/Library/Frameworks/Carbon.framework/Versions/A/Frameworks/Help.framework/Versions/A/Help
0x000000001ad13000 	/System/Library/Frameworks/Carbon.framework/Versions/A/Frameworks/ImageCapture.framework/Versions/A/ImageCapture
0x000000001ad13000 	/System/Library/Frameworks/Carbon.framework/Versions/A/Frameworks/OpenScripting.framework/Versions/A/OpenScripting
0x000000001ad13000 	/System/Library/Frameworks/Carbon.framework/Versions/A/Frameworks/Print.framework/Versions/A/Print
0x000000001ad13000 	/System/Library/Frameworks/Carbon.framework/Versions/A/Frameworks/SecurityHI.framework/Versions/A/SecurityHI
0x00000001099da000 	/Library/Java/JavaVirtualMachines/jdk1.8.0_60.jdk/Contents/Home/jre/lib/libprism_es2.dylib
0x000000001ad13000 	/System/Library/PrivateFrameworks/CoreServicesInternal.framework/Versions/A/CoreServicesInternal
0x000000001ad13000 	/System/Library/Frameworks/OpenGL.framework/Versions/A/Resources/GLEngine.bundle/GLEngine
0x000000001ad13000 	/System/Library/Frameworks/OpenGL.framework/Versions/A/Libraries/libGLProgrammability.dylib
0x000000001ad13000 	/System/Library/Extensions/AppleIntelHD5000GraphicsGLDriver.bundle/Contents/MacOS/AppleIntelHD5000GraphicsGLDriver
0x000000001ad13000 	/System/Library/PrivateFrameworks/GPUSupport.framework/Versions/A/Libraries/libGPUSupportMercury.dylib
0x000000001ad13000 	/System/Library/Frameworks/OpenGL.framework/Versions/A/Resources/GLRendererFloat.bundle/GLRendererFloat
0x000000001ad13000 	/System/Library/Frameworks/OpenCL.framework/Versions/A/Libraries/libcldcpuengine.dylib
0x000000001ad13000 	/usr/lib/libcrypto.35.dylib
0x000000001ad13000 	/System/Library/PrivateFrameworks/TrustEvaluationAgent.framework/Versions/A/TrustEvaluationAgent
0x000000011d569000 	/Library/Java/JavaVirtualMachines/jdk1.8.0_60.jdk/Contents/Home/jre/lib/libglass.dylib
0x000000001ad13000 	/System/Library/CoreServices/RawCamera.bundle/Contents/MacOS/RawCamera
0x000000001ad13000 	/System/Library/PrivateFrameworks/MobileAsset.framework/Versions/A/MobileAsset
0x000000001ad13000 	/System/Library/PrivateFrameworks/StreamingZip.framework/Versions/A/StreamingZip
0x000000001ad13000 	/System/Library/Frameworks/MediaToolbox.framework/Versions/A/MediaToolbox
0x000000001ad13000 	/System/Library/PrivateFrameworks/CoreAVCHD.framework/Versions/A/CoreAVCHD
0x000000001ad13000 	/System/Library/Frameworks/MediaAccessibility.framework/Versions/A/MediaAccessibility
0x000000001ad13000 	/System/Library/PrivateFrameworks/Mangrove.framework/Versions/A/Mangrove
0x000000001ad13000 	/System/Library/Frameworks/CoreMedia.framework/Versions/A/CoreMedia
0x000000001ad13000 	/System/Library/Frameworks/VideoToolbox.framework/Versions/A/VideoToolbox
0x000000001ad13000 	/System/Library/PrivateFrameworks/CoreAUC.framework/Versions/A/CoreAUC
0x000000001ad13000 	/usr/lib/libspindump.dylib
0x000000001ad13000 	/System/Library/PrivateFrameworks/AppleVA.framework/Versions/A/AppleVA
0x000000001ad13000 	/System/Library/Frameworks/Accelerate.framework/Versions/A/Frameworks/vImage.framework/Versions/A/Libraries/libCGInterfaces.dylib
0x000000001ad13000 	/System/Library/PrivateFrameworks/FamilyControls.framework/Versions/A/FamilyControls
0x000000001ad13000 	/System/Library/PrivateFrameworks/CommerceKit.framework/Versions/A/Frameworks/CommerceCore.framework/Versions/A/CommerceCore
0x000000001ad13000 	/System/Library/PrivateFrameworks/SystemAdministration.framework/Versions/A/SystemAdministration
0x000000001ad13000 	/System/Library/PrivateFrameworks/AppContainer.framework/Versions/A/AppContainer
0x000000001ad13000 	/System/Library/PrivateFrameworks/AppSandbox.framework/Versions/A/AppSandbox
0x000000001ad13000 	/System/Library/PrivateFrameworks/SecCodeWrapper.framework/Versions/A/SecCodeWrapper
0x000000001ad13000 	/usr/lib/libsandbox.1.dylib
0x000000001ad13000 	/usr/lib/libMatch.1.dylib
0x000000001ad13000 	/System/Library/PrivateFrameworks/DiskManagement.framework/Versions/A/DiskManagement
0x000000001ad13000 	/System/Library/Frameworks/DirectoryService.framework/Versions/A/DirectoryService
0x000000001ad13000 	/System/Library/PrivateFrameworks/DiskImages.framework/Versions/A/DiskImages
0x000000001ad13000 	/System/Library/PrivateFrameworks/LoginUIKit.framework/Versions/A/Frameworks/LoginUICore.framework/Versions/A/LoginUICore
0x000000001ad13000 	/usr/lib/libCoreStorage.dylib
0x000000001ad13000 	/usr/lib/libcsfde.dylib
0x000000001ad13000 	/usr/lib/libodfde.dylib
0x000000001ad13000 	/System/Library/PrivateFrameworks/MediaKit.framework/Versions/A/MediaKit
0x000000001ad13000 	/System/Library/Frameworks/DiscRecording.framework/Versions/A/DiscRecording
0x000000001ad13000 	/System/Library/PrivateFrameworks/EFILogin.framework/Versions/A/EFILogin
0x000000001ad13000 	/System/Library/PrivateFrameworks/ProtectedCloudStorage.framework/Versions/A/ProtectedCloudStorage
0x000000001ad13000 	/usr/lib/libcurl.4.dylib
0x000000001ad13000 	/usr/lib/libcrypto.42.dylib
0x000000001ad13000 	/usr/lib/libssl.44.dylib
0x000000001ad13000 	/System/Library/Frameworks/LDAP.framework/Versions/A/LDAP
0x000000001ad13000 	/usr/lib/libsasl2.2.dylib
0x000000001ad13000 	/System/Library/PrivateFrameworks/CoreDaemon.framework/Versions/B/CoreDaemon
0x000000001ad13000 	/System/Library/PrivateFrameworks/AppleSRP.framework/Versions/A/AppleSRP
0x000000001ad13000 	/System/Library/PrivateFrameworks/ViewBridge.framework/Versions/A/ViewBridge
0x000000011f8d2000 	/Library/Java/JavaVirtualMachines/jdk1.8.0_60.jdk/Contents/Home/jre/lib/libawt.dylib
0x000000011f97a000 	/Library/Java/JavaVirtualMachines/jdk1.8.0_60.jdk/Contents/Home/jre/lib/./libmlib_image.dylib
0x000000011fa46000 	/Library/Java/JavaVirtualMachines/jdk1.8.0_60.jdk/Contents/Home/jre/lib/libawt_lwawt.dylib
0x000000011fafb000 	/Library/Java/JavaVirtualMachines/jdk1.8.0_60.jdk/Contents/Home/jre/lib/./libosxapp.dylib
0x000000001ad13000 	/System/Library/Frameworks/ExceptionHandling.framework/Versions/A/ExceptionHandling
0x000000011fb17000 	/Library/Java/JavaVirtualMachines/jdk1.8.0_60.jdk/Contents/Home/jre/lib/libnio.dylib
0x000000011fb27000 	/Library/Java/JavaVirtualMachines/jdk1.8.0_60.jdk/Contents/Home/jre/lib/./libnet.dylib
0x000000011ff8a000 	/Library/Java/JavaVirtualMachines/jdk1.8.0_60.jdk/Contents/Home/jre/lib/libjavafx_font.dylib
0x000000001ad13000 	/System/Library/Frameworks/ApplicationServices.framework/Versions/A/Frameworks/ATS.framework/Versions/A/Resources/libTrueTypeScaler.dylib
0x0000000120dd9000 	/usr/lib/libobjc-trampolines.dylib
0x000000001ad13000 	/System/Library/Extensions/AppleIntelHD5000GraphicsMTLDriver.bundle/Contents/MacOS/AppleIntelHD5000GraphicsMTLDriver
0x000000001ad13000 	/System/Library/PrivateFrameworks/GPUCompiler.framework/Versions/3902/Libraries/libmetal_timestamp.dylib
0x0000000125fb6000 	/Library/Java/JavaVirtualMachines/jdk1.8.0_60.jdk/Contents/Home/jre/lib/libprism_common.dylib
0x00000001245a6000 	/Library/Java/JavaVirtualMachines/jdk1.8.0_60.jdk/Contents/Home/jre/lib/libfontmanager.dylib
0x000000012460d000 	/Library/Java/JavaVirtualMachines/jdk1.8.0_60.jdk/Contents/Home/jre/lib/libosxui.dylib

VM Arguments:
jvm_args: -Dfile.encoding=UTF-8 
java_command: MapViewer.Main
java_class_path (initial): /Users/Ambassador/Desktop/MapViewer/bin:/Users/Ambassador/Desktop/MapViewer/Libs/jl1.0.1.jar:/Users/Ambassador/Desktop/MapViewer/Libs/mp3spi1.9.5.jar:/Users/Ambassador/Desktop/MapViewer/Libs/tritonus_share.jar
Launcher Type: SUN_STANDARD

Environment Variables:
PATH=/usr/bin:/bin:/usr/sbin:/sbin
SHELL=/bin/bash
DISPLAY=/private/tmp/com.apple.launchd.z43WeyeTBK/org.macosforge.xquartz:0

Signal Handlers:
SIGSEGV: [libjvm.dylib+0x5a6d31], sa_mask[0]=11111111011111110111111111111111, sa_flags=SA_ONSTACK|SA_RESTART|SA_SIGINFO
SIGBUS: [libjvm.dylib+0x5a6d31], sa_mask[0]=11111111011111110111111111111111, sa_flags=SA_RESTART|SA_SIGINFO
SIGFPE: [libjvm.dylib+0x480a4c], sa_mask[0]=11111111011111110111111111111111, sa_flags=SA_RESTART|SA_SIGINFO
SIGPIPE: [libjvm.dylib+0x480a4c], sa_mask[0]=11111111011111110111111111111111, sa_flags=SA_RESTART|SA_SIGINFO
SIGXFSZ: [libjvm.dylib+0x480a4c], sa_mask[0]=11111111011111110111111111111111, sa_flags=SA_RESTART|SA_SIGINFO
SIGILL: [libjvm.dylib+0x480a4c], sa_mask[0]=11111111011111110111111111111111, sa_flags=SA_RESTART|SA_SIGINFO
SIGUSR1: SIG_DFL, sa_mask[0]=00000000000000000000000000000000, sa_flags=none
SIGUSR2: [libjvm.dylib+0x48056a], sa_mask[0]=00100000000000000000000000000000, sa_flags=SA_RESTART|SA_SIGINFO
SIGHUP: [libjvm.dylib+0x47eb41], sa_mask[0]=11111111011111110111111111111111, sa_flags=SA_RESTART|SA_SIGINFO
SIGINT: [libjvm.dylib+0x47eb41], sa_mask[0]=11111111011111110111111111111111, sa_flags=SA_RESTART|SA_SIGINFO
SIGTERM: [libjvm.dylib+0x47eb41], sa_mask[0]=11111111011111110111111111111111, sa_flags=SA_RESTART|SA_SIGINFO
SIGQUIT: [libjvm.dylib+0x47eb41], sa_mask[0]=11111111011111110111111111111111, sa_flags=SA_RESTART|SA_SIGINFO


---------------  S Y S T E M  ---------------

OS:Bsduname:Darwin 18.0.0 Darwin Kernel Version 18.0.0: Wed Aug 22 20:13:40 PDT 2018; root:xnu-4903.201.2~1/RELEASE_X86_64 x86_64
rlimit: STACK 8192k, CORE 0k, NPROC 709, NOFILE 10240, AS infinity
load average:3.05 3.12 3.13

CPU:total 4 (2 cores per cpu, 2 threads per core) family 6 model 69 stepping 1, cmov, cx8, fxsr, mmx, sse, sse2, sse3, ssse3, sse4.1, sse4.2, popcnt, avx, avx2, aes, clmul, erms, lzcnt, ht, tsc, tscinvbit, bmi1, bmi2

Memory: 4k page, physical 8388608k(586616k free)

/proc/meminfo:


vm_info: Java HotSpot(TM) 64-Bit Server VM (25.60-b23) for bsd-amd64 JRE (1.8.0_60-b27), built on Aug  4 2015 10:47:24 by "java_re" with gcc 4.2.1 (Based on Apple Inc. build 5658) (LLVM build 2336.11.00)

time: Wed Dec 12 19:21:31 2018
elapsed time: 5 seconds (0d 0h 0m 5s)

