#
# A fatal error has been detected by the Java Runtime Environment:
#
#  SIGSEGV (0xb) at pc=0x0000000108d692ce, pid=16664, tid=775
#
# JRE version: Java(TM) SE Runtime Environment (8.0_60-b27) (build 1.8.0_60-b27)
# Java VM: Java HotSpot(TM) 64-Bit Server VM (25.60-b23 mixed mode bsd-amd64 compressed oops)
# Problematic frame:
# V  [libjvm.dylib+0x1692ce]  ThreadStateTransition::trans_from_native(JavaThreadState)+0xa
#
# Failed to write core dump. Core dumps have been disabled. To enable core dumping, try "ulimit -c unlimited" before starting Java again
#
# If you would like to submit a bug report, please visit:
#   http://bugreport.java.com/bugreport/crash.jsp
#

---------------  T H R E A D  ---------------

Current thread is native thread

siginfo: si_signo: 11 (SIGSEGV), si_code: 1 (SEGV_MAPERR), si_addr: 0x0000000000000270

Registers:
RAX=0x0000000000000000, RBX=0x0000000000000000, RCX=0x0000000108f1121b, RDX=0x00007fd31b1489f8
RSP=0x00007ffee7968f50, RBP=0x00007ffee7968f60, RSI=0x0000000000000006, RDI=0x00007ffee7968fa0
R8 =0x0000000000000300, R9 =0x0000000000000000, R10=0x00007fff9e498e88, R11=0x00007fd31cf09a70
R12=0x00007fd31b1489f8, R13=0x00007fd31ce00080, R14=0x00007fd31b1489f8, R15=0x0000000000000000
RIP=0x0000000108d692ce, EFLAGS=0x0000000000010246, ERR=0x0000000000000006
  TRAPNO=0x000000000000000e

Top of Stack: (sp=0x00007ffee7968f50)
0x00007ffee7968f50:   00007fd31a72a5d8 00007fd31b1489f8
0x00007ffee7968f60:   00007ffee7968fc0 0000000108f1124b
0x00007ffee7968f70:   00007fd31a7e9dd0 00007fd31a78c460
0x00007ffee7968f80:   00007fd31adad000 00007fd31a78c460
0x00007ffee7968f90:   00007ffee7968fc0 0000000123ff06e9
0x00007ffee7968fa0:   0000000000000000 00007fd31a7e9dd0
0x00007ffee7968fb0:   00007fd31adad000 00007fd31a78c460
0x00007ffee7968fc0:   00007ffee7969020 0000000123f50ebb
0x00007ffee7968fd0:   00007fd31adad000 0000000000000000
0x00007ffee7968fe0:   410427ea0cdf3b5c 00007fd31cb97770
0x00007ffee7968ff0:   00007ffee7969020 00007fd31a78c460
0x00007ffee7969000:   00007fd31a78c460 00007fd31ce00080
0x00007ffee7969010:   00007fff71f84a00 00007fd31cb97770
0x00007ffee7969020:   00007ffee79690d0 00007fff50ff96f8
0x00007ffee7969030:   0000000000000000 0000000000000000
0x00007ffee7969040:   00007fd31a78c460 0000000000000000
0x00007ffee7969050:   000000041b193200 0000000000000000
0x00007ffee7969060:   410427ea0cdf3b5c 00007fd31cb7a020
0x00007ffee7969070:   00007fd31a78c460 0000000000000000
0x00007ffee7969080:   00007fd31a78c460 00007ffee79690a8
0x00007ffee7969090:   00007ffee79690d0 00007fff50ff8f0e
0x00007ffee79690a0:   3b33b39cc076005b 00007fff71f84a00
0x00007ffee79690b0:   0000000000000004 0000000000000000
0x00007ffee79690c0:   00007fd31a78c460 00007fff4410ea7d
0x00007ffee79690d0:   00007ffee7969150 00007fff50ff8cd4
0x00007ffee79690e0:   0000000000000000 407b000000000000
0x00007ffee79690f0:   4078000000000000 4000000000000000
0x00007ffee7969100:   0000000000000000 0000000000000000
0x00007ffee7969110:   4078000000000000 407b000000000000
0x00007ffee7969120:   3b33b39cc076005b 00007ffee7969220
0x00007ffee7969130:   00007fd31ce00ab0 00007fff71f84a00
0x00007ffee7969140:   00007fd31b193200 00007fff44110bba 

Instructions: (pc=0x0000000108d692ce)
0x0000000108d692ae:   0e 48 8b 0b 49 8b 56 18 48 63 c0 48 89 0c c2 5b
0x0000000108d692be:   41 5e 5d c3 90 90 55 48 89 e5 41 56 53 48 8b 1f
0x0000000108d692ce:   c7 83 70 02 00 00 05 00 00 00 48 8d 05 d9 50 77
0x0000000108d692de:   00 8b 00 83 f8 01 41 89 f6 75 0c 48 8d 0d 16 b8 

Register to memory mapping:

RAX=0x0000000000000000 is an unknown value
RBX=0x0000000000000000 is an unknown value
RCX=0x0000000108f1121b: jni_NewLocalRef+0 in /Library/Java/JavaVirtualMachines/jdk1.8.0_60.jdk/Contents/Home/jre/lib/server/libjvm.dylib at 0x0000000108c00000
RDX=0x00007fd31b1489f8 is an unknown value
RSP=0x00007ffee7968f50 is an unknown value
RBP=0x00007ffee7968f60 is an unknown value
RSI=0x0000000000000006 is an unknown value
RDI=0x00007ffee7968fa0 is an unknown value
R8 =0x0000000000000300 is an unknown value
R9 =0x0000000000000000 is an unknown value
R10=0x00007fff9e498e88: OBJC_CLASS_$_JNFJObjectWrapper+0 in /System/Library/Frameworks/JavaVM.framework/Versions/A/Frameworks/JavaNativeFoundation.framework/Versions/A/JavaNativeFoundation at 0x00007fff4a162000
R11=0x00007fd31cf09a70 is an unknown value
R12=0x00007fd31b1489f8 is an unknown value
R13=0x00007fd31ce00080 is an unknown value
R14=0x00007fd31b1489f8 is an unknown value
R15=0x0000000000000000 is an unknown value


Stack: [0x00007ffee716d000,0x00007ffee796d000],  sp=0x00007ffee7968f50,  free space=8175k
Native frames: (J=compiled Java code, j=interpreted, Vv=VM code, C=native code)
V  [libjvm.dylib+0x1692ce]  ThreadStateTransition::trans_from_native(JavaThreadState)+0xa
V  [libjvm.dylib+0x31124b]  jni_NewLocalRef+0x30
C  [libawt_lwawt.dylib+0x19ebb]  -[CGLLayer drawInCGLContext:pixelFormat:forLayerTime:displayTime:]+0xee
C  [QuartzCore+0xb26f8]  CAOpenGLLayerDraw(CAOpenGLLayer*, double, CVTimeStamp const*, unsigned int)+0x7b6
C  [QuartzCore+0xb1cd4]  -[CAOpenGLLayer _display]+0x243
C  [QuartzCore+0x141bc]  CA::Layer::display_if_needed(CA::Transaction*)+0x27a
C  [QuartzCore+0x2447]  CA::Context::commit_transaction(CA::Transaction*)+0x13f
C  [QuartzCore+0x1d20]  CA::Transaction::commit()+0x240
C  [QuartzCore+0x1a2c]  CA::Transaction::observer_callback(__CFRunLoopObserver*, unsigned long, void*)+0x42
C  [CoreFoundation+0x9995d]  __CFRUNLOOP_IS_CALLING_OUT_TO_AN_OBSERVER_CALLBACK_FUNCTION__+0x17
C  [CoreFoundation+0x99892]  __CFRunLoopDoObservers+0x1c4
C  [CoreFoundation+0x3b4f4]  __CFRunLoopRun+0x5bd
C  [CoreFoundation+0x3ace4]  CFRunLoopRunSpecific+0x1cf
C  [java+0x6463]  CreateExecutionEnvironment+0x367
C  [java+0x21ac]  JLI_Launch+0x7a0
C  [java+0x84c0]  main+0x65
C  [java+0x1a04]  start+0x34


---------------  P R O C E S S  ---------------

VM state:not at safepoint (normal execution)

VM Mutex/Monitor currently owned by a thread: None

Heap:
 PSYoungGen      total 38400K, used 2180K [0x0000000795580000, 0x0000000798000000, 0x00000007c0000000)
  eden space 33280K, 6% used [0x0000000795580000,0x00000007957a12d8,0x0000000797600000)
  from space 5120K, 0% used [0x0000000797b00000,0x0000000797b00000,0x0000000798000000)
  to   space 5120K, 0% used [0x0000000797600000,0x0000000797600000,0x0000000797b00000)
 ParOldGen       total 61440K, used 7142K [0x0000000740000000, 0x0000000743c00000, 0x0000000795580000)
  object space 61440K, 11% used [0x0000000740000000,0x00000007406f98d0,0x0000000743c00000)
 Metaspace       used 21174K, capacity 21908K, committed 22272K, reserved 1069056K
  class space    used 2770K, capacity 2998K, committed 3072K, reserved 1048576K

Card table byte_map: [0x0000000109f49000,0x000000010a34a000] byte_map_base: 0x0000000106549000

Marking Bits: (ParMarkBitMap*) 0x00000001094dee20
 Begin Bits: [0x000000011b3cf000, 0x000000011d3cf000)
 End Bits:   [0x000000011d3cf000, 0x000000011f3cf000)

Polling page: 0x0000000108301000

CodeCache: size=245760Kb used=7549Kb max_used=7549Kb free=238210Kb
 bounds [0x000000010c3cf000, 0x000000010cb3f000, 0x000000011b3cf000]
 total_blobs=3343 nmethods=2564 adapters=691
 compilation: enabled

Compilation events (10 events):
Event: 9.039 Thread 0x00007fd31c03e800 2560       3       sun.awt.AppContext::getAppContext (51 bytes)
Event: 9.040 Thread 0x00007fd31c03e800 nmethod 2560 0x000000010cb2dc10 code [0x000000010cb2ddc0, 0x000000010cb2e438]
Event: 9.040 Thread 0x00007fd31c03e800 2561       3       java.util.concurrent.locks.ReentrantLock$NonfairSync::tryAcquire (6 bytes)
Event: 9.040 Thread 0x00007fd31c03e800 nmethod 2561 0x000000010cb2e5d0 code [0x000000010cb2e740, 0x000000010cb2e948]
Event: 9.041 Thread 0x00007fd31c03e800 2563       3       java.lang.Class::privateGetDeclaredConstructors (85 bytes)
Event: 9.042 Thread 0x00007fd31c03e800 nmethod 2563 0x000000010cb2e9d0 code [0x000000010cb2eba0, 0x000000010cb2f298]
Event: 9.042 Thread 0x00007fd31c03e800 2564   !   3       java.lang.ClassLoader::findNative (86 bytes)
Event: 9.043 Thread 0x00007fd31c03e800 nmethod 2564 0x000000010cb2f550 code [0x000000010cb2f700, 0x000000010cb2ffd8]
Event: 9.046 Thread 0x00007fd31c03e800 2565       3       java.util.LinkedList$ListItr::checkForComodification (23 bytes)
Event: 9.046 Thread 0x00007fd31c03e800 nmethod 2565 0x000000010cb30350 code [0x000000010cb304c0, 0x000000010cb306e8]

GC Heap History (6 events):
Event: 2.134 GC heap before
{Heap before GC invocations=1 (full 0):
 PSYoungGen      total 38400K, used 33280K [0x0000000795580000, 0x0000000798000000, 0x00000007c0000000)
  eden space 33280K, 100% used [0x0000000795580000,0x0000000797600000,0x0000000797600000)
  from space 5120K, 0% used [0x0000000797b00000,0x0000000797b00000,0x0000000798000000)
  to   space 5120K, 0% used [0x0000000797600000,0x0000000797600000,0x0000000797b00000)
 ParOldGen       total 87552K, used 0K [0x0000000740000000, 0x0000000745580000, 0x0000000795580000)
  object space 87552K, 0% used [0x0000000740000000,0x0000000740000000,0x0000000745580000)
 Metaspace       used 15153K, capacity 15582K, committed 15744K, reserved 1062912K
  class space    used 1969K, capacity 2101K, committed 2176K, reserved 1048576K
Event: 2.150 GC heap after
Heap after GC invocations=1 (full 0):
 PSYoungGen      total 38400K, used 5088K [0x0000000795580000, 0x0000000798000000, 0x00000007c0000000)
  eden space 33280K, 0% used [0x0000000795580000,0x0000000795580000,0x0000000797600000)
  from space 5120K, 99% used [0x0000000797600000,0x0000000797af8030,0x0000000797b00000)
  to   space 5120K, 0% used [0x0000000797b00000,0x0000000797b00000,0x0000000798000000)
 ParOldGen       total 87552K, used 1661K [0x0000000740000000, 0x0000000745580000, 0x0000000795580000)
  object space 87552K, 1% used [0x0000000740000000,0x000000074019f418,0x0000000745580000)
 Metaspace       used 15153K, capacity 15582K, committed 15744K, reserved 1062912K
  class space    used 1969K, capacity 2101K, committed 2176K, reserved 1048576K
}
Event: 8.867 GC heap before
{Heap before GC invocations=2 (full 0):
 PSYoungGen      total 38400K, used 18296K [0x0000000795580000, 0x0000000798000000, 0x00000007c0000000)
  eden space 33280K, 39% used [0x0000000795580000,0x00000007962663b8,0x0000000797600000)
  from space 5120K, 99% used [0x0000000797600000,0x0000000797af8030,0x0000000797b00000)
  to   space 5120K, 0% used [0x0000000797b00000,0x0000000797b00000,0x0000000798000000)
 ParOldGen       total 87552K, used 1661K [0x0000000740000000, 0x0000000745580000, 0x0000000795580000)
  object space 87552K, 1% used [0x0000000740000000,0x000000074019f418,0x0000000745580000)
 Metaspace       used 20451K, capacity 21196K, committed 21296K, reserved 1067008K
  class space    used 2649K, capacity 2894K, committed 2944K, reserved 1048576K
Event: 8.880 GC heap after
Heap after GC invocations=2 (full 0):
 PSYoungGen      total 38400K, used 5088K [0x0000000795580000, 0x0000000798000000, 0x00000007c0000000)
  eden space 33280K, 0% used [0x0000000795580000,0x0000000795580000,0x0000000797600000)
  from space 5120K, 99% used [0x0000000797b00000,0x0000000797ff8050,0x0000000798000000)
  to   space 5120K, 0% used [0x0000000797600000,0x0000000797600000,0x0000000797b00000)
 ParOldGen       total 87552K, used 2940K [0x0000000740000000, 0x0000000745580000, 0x0000000795580000)
  object space 87552K, 3% used [0x0000000740000000,0x00000007402df208,0x0000000745580000)
 Metaspace       used 20451K, capacity 21196K, committed 21296K, reserved 1067008K
  class space    used 2649K, capacity 2894K, committed 2944K, reserved 1048576K
}
Event: 8.880 GC heap before
{Heap before GC invocations=3 (full 1):
 PSYoungGen      total 38400K, used 5088K [0x0000000795580000, 0x0000000798000000, 0x00000007c0000000)
  eden space 33280K, 0% used [0x0000000795580000,0x0000000795580000,0x0000000797600000)
  from space 5120K, 99% used [0x0000000797b00000,0x0000000797ff8050,0x0000000798000000)
  to   space 5120K, 0% used [0x0000000797600000,0x0000000797600000,0x0000000797b00000)
 ParOldGen       total 87552K, used 2940K [0x0000000740000000, 0x0000000745580000, 0x0000000795580000)
  object space 87552K, 3% used [0x0000000740000000,0x00000007402df208,0x0000000745580000)
 Metaspace       used 20451K, capacity 21196K, committed 21296K, reserved 1067008K
  class space    used 2649K, capacity 2894K, committed 2944K, reserved 1048576K
Event: 8.931 GC heap after
Heap after GC invocations=3 (full 1):
 PSYoungGen      total 38400K, used 0K [0x0000000795580000, 0x0000000798000000, 0x00000007c0000000)
  eden space 33280K, 0% used [0x0000000795580000,0x0000000795580000,0x0000000797600000)
  from space 5120K, 0% used [0x0000000797b00000,0x0000000797b00000,0x0000000798000000)
  to   space 5120K, 0% used [0x0000000797600000,0x0000000797600000,0x0000000797b00000)
 ParOldGen       total 61440K, used 7142K [0x0000000740000000, 0x0000000743c00000, 0x0000000795580000)
  object space 61440K, 11% used [0x0000000740000000,0x00000007406f98d0,0x0000000743c00000)
 Metaspace       used 20451K, capacity 21196K, committed 21296K, reserved 1067008K
  class space    used 2649K, capacity 2894K, committed 2944K, reserved 1048576K
}

Deoptimization events (10 events):
Event: 2.254 Thread 0x00007fd31b148800 Uncommon trap: reason=class_check action=maybe_recompile pc=0x000000010c4e735c method=java.lang.String.equals(Ljava/lang/Object;)Z @ 8
Event: 2.254 Thread 0x00007fd31b148800 Uncommon trap: reason=class_check action=maybe_recompile pc=0x000000010c4e735c method=java.lang.String.equals(Ljava/lang/Object;)Z @ 8
Event: 2.256 Thread 0x00007fd31b148800 Uncommon trap: reason=class_check action=maybe_recompile pc=0x000000010c4e735c method=java.lang.String.equals(Ljava/lang/Object;)Z @ 8
Event: 2.303 Thread 0x00007fd31b148800 Uncommon trap: reason=unstable_if action=reinterpret pc=0x000000010c7ce30c method=com.sun.javafx.binding.ExpressionHelper.fireValueChangedEvent(Lcom/sun/javafx/binding/ExpressionHelper;)V @ 1
Event: 8.721 Thread 0x00007fd31b148800 Uncommon trap: reason=unstable_if action=reinterpret pc=0x000000010c81c77c method=jdk.internal.org.objectweb.asm.Type.getArgumentsAndReturnSizes(Ljava/lang/String;)I @ 47
Event: 8.815 Thread 0x00007fd31b148800 Uncommon trap: reason=unstable_if action=reinterpret pc=0x000000010c98bcb0 method=java.util.HashMap.isEmpty()Z @ 4
Event: 8.858 Thread 0x00007fd31b148800 Uncommon trap: reason=unstable_if action=reinterpret pc=0x000000010c6893b4 method=java.lang.AbstractStringBuilder.append(Ljava/lang/String;)Ljava/lang/AbstractStringBuilder; @ 1
Event: 8.859 Thread 0x00007fd31b148800 Uncommon trap: reason=unstable_if action=reinterpret pc=0x000000010c5d3d28 method=java.lang.AbstractStringBuilder.append(Ljava/lang/String;)Ljava/lang/AbstractStringBuilder; @ 1
Event: 8.967 Thread 0x00007fd31acb6800 Uncommon trap: reason=unstable_if action=reinterpret pc=0x000000010c89b2f4 method=java.util.WeakHashMap.expungeStaleEntries()V @ 9
Event: 8.977 Thread 0x00007fd31acb6800 Uncommon trap: reason=unstable_if action=reinterpret pc=0x000000010c76079c method=sun.java2d.loops.GraphicsPrimitiveMgr.locatePrim(ILsun/java2d/loops/SurfaceType;Lsun/java2d/loops/CompositeType;Lsun/java2d/loops/SurfaceType;)Lsun/java2d/loops/GraphicsPrim

Internal exceptions (10 events):
Event: 1.070 Thread 0x00007fd31b148800 Exception <a 'java/lang/ArrayIndexOutOfBoundsException'> (0x00000007965cd010) thrown at [/Users/java_re/workspace/8-2-build-macosx-x86_64/jdk8u60/4407/hotspot/src/share/vm/runtime/sharedRuntime.cpp, line 605]
Event: 1.723 Thread 0x00007fd31b148800 Exception <a 'java/lang/ArrayIndexOutOfBoundsException'> (0x0000000796a3c2f0) thrown at [/Users/java_re/workspace/8-2-build-macosx-x86_64/jdk8u60/4407/hotspot/src/share/vm/runtime/sharedRuntime.cpp, line 605]
Event: 1.723 Thread 0x00007fd31b148800 Exception <a 'java/lang/ArrayIndexOutOfBoundsException'> (0x0000000796a3d6e0) thrown at [/Users/java_re/workspace/8-2-build-macosx-x86_64/jdk8u60/4407/hotspot/src/share/vm/runtime/sharedRuntime.cpp, line 605]
Event: 1.795 Thread 0x00007fd31b148800 Exception <a 'java/io/FileNotFoundException'> (0x0000000796b95cf8) thrown at [/Users/java_re/workspace/8-2-build-macosx-x86_64/jdk8u60/4407/hotspot/src/share/vm/prims/jni.cpp, line 709]
Event: 2.053 Thread 0x00007fd31b148800 Implicit null exception at 0x000000010c6a3935 to 0x000000010c6a3b6d
Event: 2.053 Thread 0x00007fd31b148800 Implicit null exception at 0x000000010c69d07b to 0x000000010c69da6d
Event: 2.055 Thread 0x00007fd31b148800 Implicit null exception at 0x000000010c6556ef to 0x000000010c655759
Event: 2.066 Thread 0x00007fd31b148800 Exception <a 'java/io/FileNotFoundException'> (0x00000007974928a8) thrown at [/Users/java_re/workspace/8-2-build-macosx-x86_64/jdk8u60/4407/hotspot/src/share/vm/prims/jni.cpp, line 709]
Event: 8.858 Thread 0x00007fd31b148800 Implicit null exception at 0x000000010c689035 to 0x000000010c6893a1
Event: 8.859 Thread 0x00007fd31b148800 Implicit null exception at 0x000000010c5d39b5 to 0x000000010c5d3d15

Events (10 events):
Event: 9.046 Executing VM operation: RevokeBias
Event: 9.046 Executing VM operation: RevokeBias done
Event: 9.047 Executing VM operation: RevokeBias
Event: 9.047 Executing VM operation: RevokeBias done
Event: 9.047 loading class java/awt/KeyboardFocusManager$HeavyweightFocusRequest
Event: 9.047 loading class java/awt/KeyboardFocusManager$HeavyweightFocusRequest done
Event: 9.047 loading class java/awt/DefaultKeyboardFocusManager$TypeAheadMarker
Event: 9.047 loading class java/awt/DefaultKeyboardFocusManager$TypeAheadMarker done
Event: 9.047 loading class java/awt/KeyboardFocusManager$LightweightFocusRequest
Event: 9.047 loading class java/awt/KeyboardFocusManager$LightweightFocusRequest done


Dynamic libraries:
0x000000001ad13000 	/System/Library/Frameworks/Cocoa.framework/Versions/A/Cocoa
0x000000001ad13000 	/System/Library/Frameworks/Security.framework/Versions/A/Security
0x000000001ad13000 	/System/Library/Frameworks/ApplicationServices.framework/Versions/A/ApplicationServices
0x000000001ad13000 	/usr/lib/libz.1.dylib
0x000000001ad13000 	/usr/lib/libSystem.B.dylib
0x000000001ad13000 	/usr/lib/libobjc.A.dylib
0x000000001ad13000 	/System/Library/Frameworks/CoreFoundation.framework/Versions/A/CoreFoundation
0x000000001ad13000 	/System/Library/Frameworks/Foundation.framework/Versions/C/Foundation
0x000000001ad13000 	/System/Library/Frameworks/AppKit.framework/Versions/C/AppKit
0x000000001ad13000 	/System/Library/Frameworks/CoreData.framework/Versions/A/CoreData
0x000000001ad13000 	/System/Library/PrivateFrameworks/RemoteViewServices.framework/Versions/A/RemoteViewServices
0x000000001ad13000 	/System/Library/PrivateFrameworks/UIFoundation.framework/Versions/A/UIFoundation
0x000000001ad13000 	/System/Library/PrivateFrameworks/XCTTargetBootstrap.framework/Versions/A/XCTTargetBootstrap
0x000000001ad13000 	/System/Library/PrivateFrameworks/IconServices.framework/Versions/A/IconServices
0x000000001ad13000 	/System/Library/Frameworks/Metal.framework/Versions/A/Metal
0x000000001ad13000 	/System/Library/PrivateFrameworks/DesktopServicesPriv.framework/Versions/A/DesktopServicesPriv
0x000000001ad13000 	/usr/lib/libenergytrace.dylib
0x000000001ad13000 	/System/Library/PrivateFrameworks/SkyLight.framework/Versions/A/SkyLight
0x000000001ad13000 	/System/Library/Frameworks/CoreGraphics.framework/Versions/A/CoreGraphics
0x000000001ad13000 	/System/Library/Frameworks/Accelerate.framework/Versions/A/Accelerate
0x000000001ad13000 	/System/Library/Frameworks/IOSurface.framework/Versions/A/IOSurface
0x000000001ad13000 	/System/Library/PrivateFrameworks/DFRFoundation.framework/Versions/A/DFRFoundation
0x000000001ad13000 	/System/Library/Frameworks/AudioToolbox.framework/Versions/A/AudioToolbox
0x000000001ad13000 	/System/Library/Frameworks/AudioUnit.framework/Versions/A/AudioUnit
0x000000001ad13000 	/System/Library/PrivateFrameworks/DataDetectorsCore.framework/Versions/A/DataDetectorsCore
0x000000001ad13000 	/System/Library/Frameworks/Carbon.framework/Versions/A/Frameworks/HIToolbox.framework/Versions/A/HIToolbox
0x000000001ad13000 	/usr/lib/libicucore.A.dylib
0x000000001ad13000 	/System/Library/Frameworks/QuartzCore.framework/Versions/A/QuartzCore
0x000000001ad13000 	/System/Library/Frameworks/Carbon.framework/Versions/A/Frameworks/SpeechRecognition.framework/Versions/A/SpeechRecognition
0x000000001ad13000 	/usr/lib/libauto.dylib
0x000000001ad13000 	/usr/lib/libxml2.2.dylib
0x000000001ad13000 	/System/Library/PrivateFrameworks/CoreUI.framework/Versions/A/CoreUI
0x000000001ad13000 	/System/Library/Frameworks/CoreAudio.framework/Versions/A/CoreAudio
0x000000001ad13000 	/System/Library/Frameworks/DiskArbitration.framework/Versions/A/DiskArbitration
0x000000001ad13000 	/usr/lib/liblangid.dylib
0x000000001ad13000 	/System/Library/PrivateFrameworks/MultitouchSupport.framework/Versions/A/MultitouchSupport
0x000000001ad13000 	/System/Library/Frameworks/IOKit.framework/Versions/A/IOKit
0x000000001ad13000 	/usr/lib/libDiagnosticMessagesClient.dylib
0x000000001ad13000 	/System/Library/Frameworks/CoreServices.framework/Versions/A/CoreServices
0x000000001ad13000 	/System/Library/PrivateFrameworks/PerformanceAnalysis.framework/Versions/A/PerformanceAnalysis
0x000000001ad13000 	/System/Library/Frameworks/OpenGL.framework/Versions/A/OpenGL
0x000000001ad13000 	/System/Library/Frameworks/ColorSync.framework/Versions/A/ColorSync
0x000000001ad13000 	/System/Library/Frameworks/CoreImage.framework/Versions/A/CoreImage
0x000000001ad13000 	/System/Library/Frameworks/CoreText.framework/Versions/A/CoreText
0x000000001ad13000 	/System/Library/Frameworks/ImageIO.framework/Versions/A/ImageIO
0x000000001ad13000 	/System/Library/PrivateFrameworks/Backup.framework/Versions/A/Backup
0x000000001ad13000 	/usr/lib/libarchive.2.dylib
0x000000001ad13000 	/System/Library/Frameworks/CFNetwork.framework/Versions/A/CFNetwork
0x000000001ad13000 	/System/Library/Frameworks/SystemConfiguration.framework/Versions/A/SystemConfiguration
0x000000001ad13000 	/usr/lib/libCRFSuite.dylib
0x000000001ad13000 	/usr/lib/libc++.1.dylib
0x000000001ad13000 	/usr/lib/libc++abi.dylib
0x000000001ad13000 	/usr/lib/system/libcache.dylib
0x000000001ad13000 	/usr/lib/system/libcommonCrypto.dylib
0x000000001ad13000 	/usr/lib/system/libcompiler_rt.dylib
0x000000001ad13000 	/usr/lib/system/libcopyfile.dylib
0x000000001ad13000 	/usr/lib/system/libcorecrypto.dylib
0x000000001ad13000 	/usr/lib/system/libdispatch.dylib
0x000000001ad13000 	/usr/lib/system/libdyld.dylib
0x000000001ad13000 	/usr/lib/system/libkeymgr.dylib
0x000000001ad13000 	/usr/lib/system/liblaunch.dylib
0x000000001ad13000 	/usr/lib/system/libmacho.dylib
0x000000001ad13000 	/usr/lib/system/libquarantine.dylib
0x000000001ad13000 	/usr/lib/system/libremovefile.dylib
0x000000001ad13000 	/usr/lib/system/libsystem_asl.dylib
0x000000001ad13000 	/usr/lib/system/libsystem_blocks.dylib
0x000000001ad13000 	/usr/lib/system/libsystem_c.dylib
0x000000001ad13000 	/usr/lib/system/libsystem_configuration.dylib
0x000000001ad13000 	/usr/lib/system/libsystem_coreservices.dylib
0x000000001ad13000 	/usr/lib/system/libsystem_darwin.dylib
0x000000001ad13000 	/usr/lib/system/libsystem_dnssd.dylib
0x000000001ad13000 	/usr/lib/system/libsystem_info.dylib
0x000000001ad13000 	/usr/lib/system/libsystem_m.dylib
0x000000001ad13000 	/usr/lib/system/libsystem_malloc.dylib
0x000000001ad13000 	/usr/lib/system/libsystem_networkextension.dylib
0x000000001ad13000 	/usr/lib/system/libsystem_notify.dylib
0x000000001ad13000 	/usr/lib/system/libsystem_sandbox.dylib
0x000000001ad13000 	/usr/lib/system/libsystem_secinit.dylib
0x000000001ad13000 	/usr/lib/system/libsystem_kernel.dylib
0x000000001ad13000 	/usr/lib/system/libsystem_platform.dylib
0x000000001ad13000 	/usr/lib/system/libsystem_pthread.dylib
0x000000001ad13000 	/usr/lib/system/libsystem_symptoms.dylib
0x000000001ad13000 	/usr/lib/system/libsystem_trace.dylib
0x000000001ad13000 	/usr/lib/system/libunwind.dylib
0x000000001ad13000 	/usr/lib/system/libxpc.dylib
0x000000001ad13000 	/usr/lib/libbsm.0.dylib
0x000000001ad13000 	/usr/lib/system/libkxld.dylib
0x000000001ad13000 	/System/Library/PrivateFrameworks/AppleFSCompression.framework/Versions/A/AppleFSCompression
0x000000001ad13000 	/usr/lib/libOpenScriptingUtil.dylib
0x000000001ad13000 	/usr/lib/libcoretls.dylib
0x000000001ad13000 	/usr/lib/libcoretls_cfhelpers.dylib
0x000000001ad13000 	/usr/lib/libpam.2.dylib
0x000000001ad13000 	/usr/lib/libsqlite3.dylib
0x000000001ad13000 	/usr/lib/libxar.1.dylib
0x000000001ad13000 	/usr/lib/libbz2.1.0.dylib
0x000000001ad13000 	/usr/lib/liblzma.5.dylib
0x000000001ad13000 	/usr/lib/libnetwork.dylib
0x000000001ad13000 	/usr/lib/libapple_nghttp2.dylib
0x000000001ad13000 	/usr/lib/libpcap.A.dylib
0x000000001ad13000 	/System/Library/Frameworks/CoreServices.framework/Versions/A/Frameworks/FSEvents.framework/Versions/A/FSEvents
0x000000001ad13000 	/System/Library/Frameworks/CoreServices.framework/Versions/A/Frameworks/CarbonCore.framework/Versions/A/CarbonCore
0x000000001ad13000 	/System/Library/Frameworks/CoreServices.framework/Versions/A/Frameworks/Metadata.framework/Versions/A/Metadata
0x000000001ad13000 	/System/Library/Frameworks/CoreServices.framework/Versions/A/Frameworks/OSServices.framework/Versions/A/OSServices
0x000000001ad13000 	/System/Library/Frameworks/CoreServices.framework/Versions/A/Frameworks/SearchKit.framework/Versions/A/SearchKit
0x000000001ad13000 	/System/Library/Frameworks/CoreServices.framework/Versions/A/Frameworks/AE.framework/Versions/A/AE
0x000000001ad13000 	/System/Library/Frameworks/CoreServices.framework/Versions/A/Frameworks/LaunchServices.framework/Versions/A/LaunchServices
0x000000001ad13000 	/System/Library/Frameworks/CoreServices.framework/Versions/A/Frameworks/DictionaryServices.framework/Versions/A/DictionaryServices
0x000000001ad13000 	/System/Library/Frameworks/CoreServices.framework/Versions/A/Frameworks/SharedFileList.framework/Versions/A/SharedFileList
0x000000001ad13000 	/System/Library/Frameworks/NetFS.framework/Versions/A/NetFS
0x000000001ad13000 	/System/Library/PrivateFrameworks/NetAuth.framework/Versions/A/NetAuth
0x000000001ad13000 	/System/Library/PrivateFrameworks/login.framework/Versions/A/Frameworks/loginsupport.framework/Versions/A/loginsupport
0x000000001ad13000 	/System/Library/PrivateFrameworks/TCC.framework/Versions/A/TCC
0x000000001ad13000 	/System/Library/PrivateFrameworks/CoreNLP.framework/Versions/A/CoreNLP
0x000000001ad13000 	/System/Library/PrivateFrameworks/MetadataUtilities.framework/Versions/A/MetadataUtilities
0x000000001ad13000 	/usr/lib/libmecabra.dylib
0x000000001ad13000 	/System/Library/Frameworks/ApplicationServices.framework/Versions/A/Frameworks/ATS.framework/Versions/A/ATS
0x000000001ad13000 	/System/Library/Frameworks/ApplicationServices.framework/Versions/A/Frameworks/ColorSyncLegacy.framework/Versions/A/ColorSyncLegacy
0x000000001ad13000 	/System/Library/Frameworks/ApplicationServices.framework/Versions/A/Frameworks/HIServices.framework/Versions/A/HIServices
0x000000001ad13000 	/System/Library/Frameworks/ApplicationServices.framework/Versions/A/Frameworks/LangAnalysis.framework/Versions/A/LangAnalysis
0x000000001ad13000 	/System/Library/Frameworks/ApplicationServices.framework/Versions/A/Frameworks/PrintCore.framework/Versions/A/PrintCore
0x000000001ad13000 	/System/Library/Frameworks/ApplicationServices.framework/Versions/A/Frameworks/QD.framework/Versions/A/QD
0x000000001ad13000 	/System/Library/Frameworks/ApplicationServices.framework/Versions/A/Frameworks/SpeechSynthesis.framework/Versions/A/SpeechSynthesis
0x000000001ad13000 	/usr/lib/libcompression.dylib
0x000000001ad13000 	/System/Library/Frameworks/CoreDisplay.framework/Versions/A/CoreDisplay
0x000000001ad13000 	/System/Library/Frameworks/MetalPerformanceShaders.framework/Versions/A/MetalPerformanceShaders
0x000000001ad13000 	/System/Library/Frameworks/Accelerate.framework/Versions/A/Frameworks/vImage.framework/Versions/A/vImage
0x000000001ad13000 	/System/Library/Frameworks/Accelerate.framework/Versions/A/Frameworks/vecLib.framework/Versions/A/vecLib
0x000000001ad13000 	/System/Library/Frameworks/Accelerate.framework/Versions/A/Frameworks/vecLib.framework/Versions/A/libvMisc.dylib
0x000000001ad13000 	/System/Library/Frameworks/Accelerate.framework/Versions/A/Frameworks/vecLib.framework/Versions/A/libvDSP.dylib
0x000000001ad13000 	/System/Library/Frameworks/Accelerate.framework/Versions/A/Frameworks/vecLib.framework/Versions/A/libBLAS.dylib
0x000000001ad13000 	/System/Library/Frameworks/Accelerate.framework/Versions/A/Frameworks/vecLib.framework/Versions/A/libLAPACK.dylib
0x000000001ad13000 	/System/Library/Frameworks/Accelerate.framework/Versions/A/Frameworks/vecLib.framework/Versions/A/libLinearAlgebra.dylib
0x000000001ad13000 	/System/Library/Frameworks/Accelerate.framework/Versions/A/Frameworks/vecLib.framework/Versions/A/libSparseBLAS.dylib
0x000000001ad13000 	/System/Library/Frameworks/Accelerate.framework/Versions/A/Frameworks/vecLib.framework/Versions/A/libQuadrature.dylib
0x000000001ad13000 	/System/Library/Frameworks/Accelerate.framework/Versions/A/Frameworks/vecLib.framework/Versions/A/libBNNS.dylib
0x000000001ad13000 	/System/Library/Frameworks/Accelerate.framework/Versions/A/Frameworks/vecLib.framework/Versions/A/libSparse.dylib
0x000000001ad13000 	/System/Library/PrivateFrameworks/GPUWrangler.framework/Versions/A/GPUWrangler
0x000000001ad13000 	/System/Library/PrivateFrameworks/IOAccelerator.framework/Versions/A/IOAccelerator
0x000000001ad13000 	/System/Library/PrivateFrameworks/IOPresentment.framework/Versions/A/IOPresentment
0x000000001ad13000 	/System/Library/PrivateFrameworks/DSExternalDisplay.framework/Versions/A/DSExternalDisplay
0x000000001ad13000 	/System/Library/Frameworks/OpenGL.framework/Versions/A/Libraries/libCoreFSCache.dylib
0x000000001ad13000 	/System/Library/Frameworks/MetalPerformanceShaders.framework/Frameworks/MPSCore.framework/Versions/A/MPSCore
0x000000001ad13000 	/System/Library/Frameworks/MetalPerformanceShaders.framework/Frameworks/MPSImage.framework/Versions/A/MPSImage
0x000000001ad13000 	/System/Library/Frameworks/MetalPerformanceShaders.framework/Frameworks/MPSNeuralNetwork.framework/Versions/A/MPSNeuralNetwork
0x000000001ad13000 	/System/Library/Frameworks/MetalPerformanceShaders.framework/Frameworks/MPSMatrix.framework/Versions/A/MPSMatrix
0x000000001ad13000 	/System/Library/Frameworks/MetalPerformanceShaders.framework/Frameworks/MPSRayIntersector.framework/Versions/A/MPSRayIntersector
0x000000001ad13000 	/System/Library/PrivateFrameworks/MetalTools.framework/Versions/A/MetalTools
0x000000001ad13000 	/System/Library/PrivateFrameworks/AggregateDictionary.framework/Versions/A/AggregateDictionary
0x000000001ad13000 	/usr/lib/libMobileGestalt.dylib
0x000000001ad13000 	/System/Library/Frameworks/CoreVideo.framework/Versions/A/CoreVideo
0x000000001ad13000 	/System/Library/PrivateFrameworks/GraphVisualizer.framework/Versions/A/GraphVisualizer
0x000000001ad13000 	/System/Library/PrivateFrameworks/FaceCore.framework/Versions/A/FaceCore
0x000000001ad13000 	/System/Library/Frameworks/OpenCL.framework/Versions/A/OpenCL
0x000000001ad13000 	/usr/lib/libFosl_dynamic.dylib
0x000000001ad13000 	/System/Library/PrivateFrameworks/OTSVG.framework/Versions/A/OTSVG
0x000000001ad13000 	/System/Library/Frameworks/ApplicationServices.framework/Versions/A/Frameworks/ATS.framework/Versions/A/Resources/libFontParser.dylib
0x000000001ad13000 	/System/Library/Frameworks/ApplicationServices.framework/Versions/A/Frameworks/ATS.framework/Versions/A/Resources/libFontRegistry.dylib
0x000000001ad13000 	/System/Library/Frameworks/ImageIO.framework/Versions/A/Resources/libJPEG.dylib
0x000000001ad13000 	/System/Library/Frameworks/ImageIO.framework/Versions/A/Resources/libTIFF.dylib
0x000000001ad13000 	/System/Library/Frameworks/ImageIO.framework/Versions/A/Resources/libPng.dylib
0x000000001ad13000 	/System/Library/Frameworks/ImageIO.framework/Versions/A/Resources/libGIF.dylib
0x000000001ad13000 	/System/Library/Frameworks/ImageIO.framework/Versions/A/Resources/libJP2.dylib
0x000000001ad13000 	/System/Library/Frameworks/ImageIO.framework/Versions/A/Resources/libRadiance.dylib
0x000000001ad13000 	/System/Library/PrivateFrameworks/AppleJPEG.framework/Versions/A/AppleJPEG
0x000000001ad13000 	/System/Library/Frameworks/OpenGL.framework/Versions/A/Libraries/libGFXShared.dylib
0x000000001ad13000 	/System/Library/Frameworks/OpenGL.framework/Versions/A/Libraries/libGLU.dylib
0x000000001ad13000 	/System/Library/Frameworks/OpenGL.framework/Versions/A/Libraries/libGL.dylib
0x000000001ad13000 	/System/Library/Frameworks/OpenGL.framework/Versions/A/Libraries/libGLImage.dylib
0x000000001ad13000 	/System/Library/Frameworks/OpenGL.framework/Versions/A/Libraries/libCVMSPluginSupport.dylib
0x000000001ad13000 	/System/Library/Frameworks/OpenGL.framework/Versions/A/Libraries/libCoreVMClient.dylib
0x000000001ad13000 	/usr/lib/libcups.2.dylib
0x000000001ad13000 	/System/Library/Frameworks/Kerberos.framework/Versions/A/Kerberos
0x000000001ad13000 	/System/Library/Frameworks/GSS.framework/Versions/A/GSS
0x000000001ad13000 	/usr/lib/libresolv.9.dylib
0x000000001ad13000 	/usr/lib/libiconv.2.dylib
0x000000001ad13000 	/System/Library/PrivateFrameworks/Heimdal.framework/Versions/A/Heimdal
0x000000001ad13000 	/usr/lib/libheimdal-asn1.dylib
0x000000001ad13000 	/System/Library/Frameworks/OpenDirectory.framework/Versions/A/OpenDirectory
0x000000001ad13000 	/System/Library/PrivateFrameworks/CommonAuth.framework/Versions/A/CommonAuth
0x000000001ad13000 	/System/Library/Frameworks/OpenDirectory.framework/Versions/A/Frameworks/CFOpenDirectory.framework/Versions/A/CFOpenDirectory
0x000000001ad13000 	/System/Library/Frameworks/SecurityFoundation.framework/Versions/A/SecurityFoundation
0x000000001ad13000 	/System/Library/PrivateFrameworks/APFS.framework/Versions/A/APFS
0x000000001ad13000 	/usr/lib/libutil.dylib
0x000000001ad13000 	/usr/lib/libcharset.1.dylib
0x000000001ad13000 	/System/Library/PrivateFrameworks/AppleSauce.framework/Versions/A/AppleSauce
0x000000001ad13000 	/System/Library/PrivateFrameworks/AssertionServices.framework/Versions/A/AssertionServices
0x000000001ad13000 	/System/Library/PrivateFrameworks/BaseBoard.framework/Versions/A/BaseBoard
0x000000001ad13000 	/usr/lib/libmecab.1.0.0.dylib
0x000000001ad13000 	/usr/lib/libgermantok.dylib
0x000000001ad13000 	/usr/lib/libThaiTokenizer.dylib
0x000000001ad13000 	/usr/lib/libChineseTokenizer.dylib
0x000000001ad13000 	/System/Library/PrivateFrameworks/LanguageModeling.framework/Versions/A/LanguageModeling
0x000000001ad13000 	/System/Library/PrivateFrameworks/CoreEmoji.framework/Versions/A/CoreEmoji
0x000000001ad13000 	/System/Library/PrivateFrameworks/Lexicon.framework/Versions/A/Lexicon
0x000000001ad13000 	/System/Library/PrivateFrameworks/LinguisticData.framework/Versions/A/LinguisticData
0x000000001ad13000 	/usr/lib/libcmph.dylib
0x000000001ad13000 	/System/Library/Frameworks/ServiceManagement.framework/Versions/A/ServiceManagement
0x000000001ad13000 	/System/Library/PrivateFrameworks/BackgroundTaskManagement.framework/Versions/A/BackgroundTaskManagement
0x000000001ad13000 	/usr/lib/libxslt.1.dylib
0x000000001ad13000 	/System/Library/Frameworks/Carbon.framework/Versions/A/Frameworks/Ink.framework/Versions/A/Ink
0x000000001ad13000 	/System/Library/PrivateFrameworks/TextureIO.framework/Versions/A/TextureIO
0x000000001ad13000 	/usr/lib/libate.dylib
0x000000001ad13000 	/System/Library/PrivateFrameworks/CrashReporterSupport.framework/Versions/A/CrashReporterSupport
0x000000001ad13000 	/System/Library/PrivateFrameworks/Sharing.framework/Versions/A/Sharing
0x000000001ad13000 	/System/Library/PrivateFrameworks/AuthKit.framework/Versions/A/AuthKit
0x000000001ad13000 	/System/Library/PrivateFrameworks/Apple80211.framework/Versions/A/Apple80211
0x000000001ad13000 	/System/Library/PrivateFrameworks/CoreUtils.framework/Versions/A/CoreUtils
0x000000001ad13000 	/System/Library/Frameworks/CoreWLAN.framework/Versions/A/CoreWLAN
0x000000001ad13000 	/System/Library/Frameworks/IOBluetooth.framework/Versions/A/IOBluetooth
0x000000001ad13000 	/System/Library/PrivateFrameworks/ProtocolBuffer.framework/Versions/A/ProtocolBuffer
0x000000001ad13000 	/System/Library/PrivateFrameworks/MobileKeyBag.framework/Versions/A/MobileKeyBag
0x000000001ad13000 	/System/Library/PrivateFrameworks/CorePhoneNumbers.framework/Versions/A/CorePhoneNumbers
0x000000001ad13000 	/System/Library/PrivateFrameworks/AppleIDAuthSupport.framework/Versions/A/AppleIDAuthSupport
0x000000001ad13000 	/System/Library/PrivateFrameworks/KeychainCircle.framework/Versions/A/KeychainCircle
0x000000001ad13000 	/System/Library/PrivateFrameworks/ROCKit.framework/Versions/A/ROCKit
0x000000001ad13000 	/System/Library/PrivateFrameworks/CoreWiFi.framework/Versions/A/CoreWiFi
0x000000001ad13000 	/System/Library/Frameworks/CoreBluetooth.framework/Versions/A/CoreBluetooth
0x000000001ad13000 	/System/Library/PrivateFrameworks/DebugSymbols.framework/Versions/A/DebugSymbols
0x000000001ad13000 	/System/Library/PrivateFrameworks/CoreSymbolication.framework/Versions/A/CoreSymbolication
0x000000001ad13000 	/System/Library/PrivateFrameworks/Symbolication.framework/Versions/A/Symbolication
0x000000001ad13000 	/System/Library/PrivateFrameworks/SpeechRecognitionCore.framework/Versions/A/SpeechRecognitionCore
0x0000000108c00000 	/Library/Java/JavaVirtualMachines/jdk1.8.0_60.jdk/Contents/Home/jre/lib/server/libjvm.dylib
0x000000001ad13000 	/usr/lib/libstdc++.6.dylib
0x00000001082be000 	/Library/Java/JavaVirtualMachines/jdk1.8.0_60.jdk/Contents/Home/jre/lib/libverify.dylib
0x00000001082cc000 	/Library/Java/JavaVirtualMachines/jdk1.8.0_60.jdk/Contents/Home/jre/lib/libjava.dylib
0x000000010834b000 	/Library/Java/JavaVirtualMachines/jdk1.8.0_60.jdk/Contents/Home/jre/lib/libzip.dylib
0x000000001ad13000 	/System/Library/Frameworks/JavaVM.framework/Versions/A/Frameworks/JavaRuntimeSupport.framework/Versions/A/JavaRuntimeSupport
0x000000001ad13000 	/System/Library/Frameworks/JavaVM.framework/Versions/A/Frameworks/JavaNativeFoundation.framework/Versions/A/JavaNativeFoundation
0x000000001ad13000 	/System/Library/Frameworks/JavaVM.framework/Versions/A/JavaVM
0x000000001ad13000 	/System/Library/Frameworks/Carbon.framework/Versions/A/Carbon
0x000000001ad13000 	/System/Library/PrivateFrameworks/JavaLaunching.framework/Versions/A/JavaLaunching
0x000000001ad13000 	/System/Library/Frameworks/Carbon.framework/Versions/A/Frameworks/CommonPanels.framework/Versions/A/CommonPanels
0x000000001ad13000 	/System/Library/Frameworks/Carbon.framework/Versions/A/Frameworks/Help.framework/Versions/A/Help
0x000000001ad13000 	/System/Library/Frameworks/Carbon.framework/Versions/A/Frameworks/ImageCapture.framework/Versions/A/ImageCapture
0x000000001ad13000 	/System/Library/Frameworks/Carbon.framework/Versions/A/Frameworks/OpenScripting.framework/Versions/A/OpenScripting
0x000000001ad13000 	/System/Library/Frameworks/Carbon.framework/Versions/A/Frameworks/Print.framework/Versions/A/Print
0x000000001ad13000 	/System/Library/Frameworks/Carbon.framework/Versions/A/Frameworks/SecurityHI.framework/Versions/A/SecurityHI
0x0000000120fb3000 	/Library/Java/JavaVirtualMachines/jdk1.8.0_60.jdk/Contents/Home/jre/lib/libprism_es2.dylib
0x000000001ad13000 	/System/Library/PrivateFrameworks/CoreServicesInternal.framework/Versions/A/CoreServicesInternal
0x000000001ad13000 	/System/Library/Frameworks/OpenGL.framework/Versions/A/Resources/GLEngine.bundle/GLEngine
0x000000001ad13000 	/System/Library/Frameworks/OpenGL.framework/Versions/A/Libraries/libGLProgrammability.dylib
0x000000001ad13000 	/System/Library/Extensions/AppleIntelHD5000GraphicsGLDriver.bundle/Contents/MacOS/AppleIntelHD5000GraphicsGLDriver
0x000000001ad13000 	/System/Library/PrivateFrameworks/GPUSupport.framework/Versions/A/Libraries/libGPUSupportMercury.dylib
0x000000001ad13000 	/System/Library/Frameworks/OpenGL.framework/Versions/A/Resources/GLRendererFloat.bundle/GLRendererFloat
0x000000001ad13000 	/System/Library/Frameworks/OpenCL.framework/Versions/A/Libraries/libcldcpuengine.dylib
0x000000001ad13000 	/usr/lib/libcrypto.35.dylib
0x000000001ad13000 	/System/Library/PrivateFrameworks/TrustEvaluationAgent.framework/Versions/A/TrustEvaluationAgent
0x0000000121a5a000 	/Library/Java/JavaVirtualMachines/jdk1.8.0_60.jdk/Contents/Home/jre/lib/libglass.dylib
0x000000001ad13000 	/System/Library/CoreServices/RawCamera.bundle/Contents/MacOS/RawCamera
0x000000001ad13000 	/System/Library/PrivateFrameworks/MobileAsset.framework/Versions/A/MobileAsset
0x000000001ad13000 	/System/Library/PrivateFrameworks/StreamingZip.framework/Versions/A/StreamingZip
0x000000001ad13000 	/System/Library/Frameworks/MediaToolbox.framework/Versions/A/MediaToolbox
0x000000001ad13000 	/System/Library/PrivateFrameworks/CoreAVCHD.framework/Versions/A/CoreAVCHD
0x000000001ad13000 	/System/Library/Frameworks/MediaAccessibility.framework/Versions/A/MediaAccessibility
0x000000001ad13000 	/System/Library/PrivateFrameworks/Mangrove.framework/Versions/A/Mangrove
0x000000001ad13000 	/System/Library/Frameworks/CoreMedia.framework/Versions/A/CoreMedia
0x000000001ad13000 	/System/Library/Frameworks/VideoToolbox.framework/Versions/A/VideoToolbox
0x000000001ad13000 	/System/Library/PrivateFrameworks/CoreAUC.framework/Versions/A/CoreAUC
0x000000001ad13000 	/usr/lib/libspindump.dylib
0x000000001ad13000 	/System/Library/PrivateFrameworks/AppleVA.framework/Versions/A/AppleVA
0x000000001ad13000 	/System/Library/Frameworks/Accelerate.framework/Versions/A/Frameworks/vImage.framework/Versions/A/Libraries/libCGInterfaces.dylib
0x000000001ad13000 	/System/Library/PrivateFrameworks/FamilyControls.framework/Versions/A/FamilyControls
0x000000001ad13000 	/System/Library/PrivateFrameworks/CommerceKit.framework/Versions/A/Frameworks/CommerceCore.framework/Versions/A/CommerceCore
0x000000001ad13000 	/System/Library/PrivateFrameworks/SystemAdministration.framework/Versions/A/SystemAdministration
0x000000001ad13000 	/System/Library/PrivateFrameworks/AppContainer.framework/Versions/A/AppContainer
0x000000001ad13000 	/System/Library/PrivateFrameworks/AppSandbox.framework/Versions/A/AppSandbox
0x000000001ad13000 	/System/Library/PrivateFrameworks/SecCodeWrapper.framework/Versions/A/SecCodeWrapper
0x000000001ad13000 	/usr/lib/libsandbox.1.dylib
0x000000001ad13000 	/usr/lib/libMatch.1.dylib
0x000000001ad13000 	/System/Library/PrivateFrameworks/DiskManagement.framework/Versions/A/DiskManagement
0x000000001ad13000 	/System/Library/Frameworks/DirectoryService.framework/Versions/A/DirectoryService
0x000000001ad13000 	/System/Library/PrivateFrameworks/DiskImages.framework/Versions/A/DiskImages
0x000000001ad13000 	/System/Library/PrivateFrameworks/LoginUIKit.framework/Versions/A/Frameworks/LoginUICore.framework/Versions/A/LoginUICore
0x000000001ad13000 	/usr/lib/libCoreStorage.dylib
0x000000001ad13000 	/usr/lib/libcsfde.dylib
0x000000001ad13000 	/usr/lib/libodfde.dylib
0x000000001ad13000 	/System/Library/PrivateFrameworks/MediaKit.framework/Versions/A/MediaKit
0x000000001ad13000 	/System/Library/Frameworks/DiscRecording.framework/Versions/A/DiscRecording
0x000000001ad13000 	/System/Library/PrivateFrameworks/EFILogin.framework/Versions/A/EFILogin
0x000000001ad13000 	/System/Library/PrivateFrameworks/ProtectedCloudStorage.framework/Versions/A/ProtectedCloudStorage
0x000000001ad13000 	/usr/lib/libcurl.4.dylib
0x000000001ad13000 	/usr/lib/libcrypto.42.dylib
0x000000001ad13000 	/usr/lib/libssl.44.dylib
0x000000001ad13000 	/System/Library/Frameworks/LDAP.framework/Versions/A/LDAP
0x000000001ad13000 	/usr/lib/libsasl2.2.dylib
0x000000001ad13000 	/System/Library/PrivateFrameworks/CoreDaemon.framework/Versions/B/CoreDaemon
0x000000001ad13000 	/System/Library/PrivateFrameworks/AppleSRP.framework/Versions/A/AppleSRP
0x000000001ad13000 	/System/Library/PrivateFrameworks/ViewBridge.framework/Versions/A/ViewBridge
0x0000000123dc3000 	/Library/Java/JavaVirtualMachines/jdk1.8.0_60.jdk/Contents/Home/jre/lib/libawt.dylib
0x0000000123e6b000 	/Library/Java/JavaVirtualMachines/jdk1.8.0_60.jdk/Contents/Home/jre/lib/./libmlib_image.dylib
0x0000000123f37000 	/Library/Java/JavaVirtualMachines/jdk1.8.0_60.jdk/Contents/Home/jre/lib/libawt_lwawt.dylib
0x0000000123fec000 	/Library/Java/JavaVirtualMachines/jdk1.8.0_60.jdk/Contents/Home/jre/lib/./libosxapp.dylib
0x000000001ad13000 	/System/Library/Frameworks/ExceptionHandling.framework/Versions/A/ExceptionHandling
0x0000000124008000 	/Library/Java/JavaVirtualMachines/jdk1.8.0_60.jdk/Contents/Home/jre/lib/libnio.dylib
0x0000000124018000 	/Library/Java/JavaVirtualMachines/jdk1.8.0_60.jdk/Contents/Home/jre/lib/./libnet.dylib
0x0000000124563000 	/Library/Java/JavaVirtualMachines/jdk1.8.0_60.jdk/Contents/Home/jre/lib/libjavafx_font.dylib
0x000000001ad13000 	/System/Library/Frameworks/ApplicationServices.framework/Versions/A/Frameworks/ATS.framework/Versions/A/Resources/libTrueTypeScaler.dylib
0x00000001253b2000 	/usr/lib/libobjc-trampolines.dylib
0x000000001ad13000 	/System/Library/Extensions/AppleIntelHD5000GraphicsMTLDriver.bundle/Contents/MacOS/AppleIntelHD5000GraphicsMTLDriver
0x000000001ad13000 	/System/Library/PrivateFrameworks/GPUCompiler.framework/Versions/3902/Libraries/libmetal_timestamp.dylib
0x000000012a3fa000 	/Library/Java/JavaVirtualMachines/jdk1.8.0_60.jdk/Contents/Home/jre/lib/libprism_common.dylib
0x00000001289e6000 	/Library/Java/JavaVirtualMachines/jdk1.8.0_60.jdk/Contents/Home/jre/lib/libfontmanager.dylib
0x0000000128a4d000 	/Library/Java/JavaVirtualMachines/jdk1.8.0_60.jdk/Contents/Home/jre/lib/libosxui.dylib

VM Arguments:
jvm_args: -Dfile.encoding=UTF-8 
java_command: MapViewer.Main
java_class_path (initial): /Users/Ambassador/Desktop/MapViewer/bin:/Users/Ambassador/Desktop/MapViewer/Libs/jl1.0.1.jar:/Users/Ambassador/Desktop/MapViewer/Libs/mp3spi1.9.5.jar:/Users/Ambassador/Desktop/MapViewer/Libs/tritonus_share.jar
Launcher Type: SUN_STANDARD

Environment Variables:
PATH=/usr/bin:/bin:/usr/sbin:/sbin
SHELL=/bin/bash
DISPLAY=/private/tmp/com.apple.launchd.z43WeyeTBK/org.macosforge.xquartz:0

Signal Handlers:
SIGSEGV: [libjvm.dylib+0x5a6d31], sa_mask[0]=11111111011111110111111111111111, sa_flags=SA_ONSTACK|SA_RESTART|SA_SIGINFO
SIGBUS: [libjvm.dylib+0x5a6d31], sa_mask[0]=11111111011111110111111111111111, sa_flags=SA_RESTART|SA_SIGINFO
SIGFPE: [libjvm.dylib+0x480a4c], sa_mask[0]=11111111011111110111111111111111, sa_flags=SA_RESTART|SA_SIGINFO
SIGPIPE: [libjvm.dylib+0x480a4c], sa_mask[0]=11111111011111110111111111111111, sa_flags=SA_RESTART|SA_SIGINFO
SIGXFSZ: [libjvm.dylib+0x480a4c], sa_mask[0]=11111111011111110111111111111111, sa_flags=SA_RESTART|SA_SIGINFO
SIGILL: [libjvm.dylib+0x480a4c], sa_mask[0]=11111111011111110111111111111111, sa_flags=SA_RESTART|SA_SIGINFO
SIGUSR1: SIG_DFL, sa_mask[0]=00000000000000000000000000000000, sa_flags=none
SIGUSR2: [libjvm.dylib+0x48056a], sa_mask[0]=00100000000000000000000000000000, sa_flags=SA_RESTART|SA_SIGINFO
SIGHUP: [libjvm.dylib+0x47eb41], sa_mask[0]=11111111011111110111111111111111, sa_flags=SA_RESTART|SA_SIGINFO
SIGINT: [libjvm.dylib+0x47eb41], sa_mask[0]=11111111011111110111111111111111, sa_flags=SA_RESTART|SA_SIGINFO
SIGTERM: [libjvm.dylib+0x47eb41], sa_mask[0]=11111111011111110111111111111111, sa_flags=SA_RESTART|SA_SIGINFO
SIGQUIT: [libjvm.dylib+0x47eb41], sa_mask[0]=11111111011111110111111111111111, sa_flags=SA_RESTART|SA_SIGINFO


---------------  S Y S T E M  ---------------

OS:Bsduname:Darwin 18.0.0 Darwin Kernel Version 18.0.0: Wed Aug 22 20:13:40 PDT 2018; root:xnu-4903.201.2~1/RELEASE_X86_64 x86_64
rlimit: STACK 8192k, CORE 0k, NPROC 709, NOFILE 10240, AS infinity
load average:3.96 3.44 3.23

CPU:total 4 (2 cores per cpu, 2 threads per core) family 6 model 69 stepping 1, cmov, cx8, fxsr, mmx, sse, sse2, sse3, ssse3, sse4.1, sse4.2, popcnt, avx, avx2, aes, clmul, erms, lzcnt, ht, tsc, tscinvbit, bmi1, bmi2

Memory: 4k page, physical 8388608k(672624k free)

/proc/meminfo:


vm_info: Java HotSpot(TM) 64-Bit Server VM (25.60-b23) for bsd-amd64 JRE (1.8.0_60-b27), built on Aug  4 2015 10:47:24 by "java_re" with gcc 4.2.1 (Based on Apple Inc. build 5658) (LLVM build 2336.11.00)

time: Wed Dec 12 19:14:42 2018
elapsed time: 9 seconds (0d 0h 0m 9s)

